[ 2018-03-21T00:03:30+08:00 ] 127.0.0.1 /tp/shop/index.php/Home/Index/index
INFO: [ app_init ] --START--
INFO: Run Behavior\BuildLiteBehavior [ RunTime:0.000065s ]
INFO: [ app_init ] --END-- [ RunTime:0.000877s ]
INFO: [ app_begin ] --START--
INFO: Run Behavior\ReadHtmlCacheBehavior [ RunTime:0.001108s ]
INFO: [ app_begin ] --END-- [ RunTime:0.001261s ]
SQL: SHOW COLUMNS FROM `sw_cat` [ RunTime:0.0029s ]
SQL: SELECT * FROM `sw_cat`  [ RunTime:0.0007s ]
SQL: SHOW COLUMNS FROM `sw_goods` [ RunTime:0.0011s ]
SQL: SELECT `goods_name`,`goods_price`,`goods_img`,`goods_img_s`,`cat_id`,`goods_brief`,`hot`,`best`,`new` FROM `sw_goods` WHERE ( hot=1 )  [ RunTime:0.0006s ]
INFO: [ view_parse ] --START--
INFO: [ template_filter ] --START--
INFO: Run Behavior\ContentReplaceBehavior [ RunTime:0.000621s ]
INFO: [ template_filter ] --END-- [ RunTime:0.000782s ]
INFO: Run Behavior\ParseTemplateBehavior [ RunTime:0.066506s ]
INFO: [ view_parse ] --END-- [ RunTime:0.066928s ]
INFO: [ view_filter ] --START--
INFO: Run Behavior\WriteHtmlCacheBehavior [ RunTime:0.001647s ]
INFO: [ view_filter ] --END-- [ RunTime:0.001870s ]
INFO: [ app_end ] --START--
INFO: Run Behavior\ShowPageTraceBehavior [ RunTime:0.003503s ]
INFO: [ app_end ] --END-- [ RunTime:0.003900s ]

[ 2018-03-21T00:03:33+08:00 ] 127.0.0.1 /tp/shop/index.php/Home/Cat/cat/cat_id/3
INFO: [ app_init ] --START--
INFO: Run Behavior\BuildLiteBehavior [ RunTime:0.000032s ]
INFO: [ app_init ] --END-- [ RunTime:0.000682s ]
INFO: [ app_begin ] --START--
INFO: Run Behavior\ReadHtmlCacheBehavior [ RunTime:0.001691s ]
INFO: [ app_begin ] --END-- [ RunTime:0.002023s ]
NOTIC: D方法实例化没找到模型类Model\Model\GoodsModel
SQL: SHOW COLUMNS FROM `sw_goods` [ RunTime:0.0013s ]
SQL: SELECT COUNT(*) AS tp_count FROM `sw_goods` WHERE ( cat_id=3 ) LIMIT 1   [ RunTime:0.0006s ]
SQL: SELECT * FROM `sw_goods` WHERE ( cat_id=3 ) LIMIT 0,1   [ RunTime:0.0005s ]
INFO: [ view_parse ] --START--
INFO: [ template_filter ] --START--
INFO: Run Behavior\ContentReplaceBehavior [ RunTime:0.000139s ]
INFO: [ template_filter ] --END-- [ RunTime:0.000293s ]
INFO: Run Behavior\ParseTemplateBehavior [ RunTime:0.056050s ]
INFO: [ view_parse ] --END-- [ RunTime:0.056213s ]
INFO: [ view_filter ] --START--
INFO: Run Behavior\WriteHtmlCacheBehavior [ RunTime:0.000823s ]
INFO: [ view_filter ] --END-- [ RunTime:0.000966s ]
INFO: [ app_end ] --START--
INFO: Run Behavior\ShowPageTraceBehavior [ RunTime:0.001775s ]
INFO: [ app_end ] --END-- [ RunTime:0.002086s ]

[ 2018-03-21T00:03:37+08:00 ] 127.0.0.1 /tp/shop/index.php/Home/Goods/goods/goods_id/12
INFO: [ app_init ] --START--
INFO: Run Behavior\BuildLiteBehavior [ RunTime:0.000069s ]
INFO: [ app_init ] --END-- [ RunTime:0.001130s ]
INFO: [ app_begin ] --START--
INFO: Run Behavior\ReadHtmlCacheBehavior [ RunTime:0.000952s ]
INFO: [ app_begin ] --END-- [ RunTime:0.001136s ]
SQL: SHOW COLUMNS FROM `sw_goods` [ RunTime:0.0008s ]
SQL: SELECT * FROM `sw_goods` WHERE `goods_id` = 12 LIMIT 1   [ RunTime:0.0004s ]
SQL: SELECT COUNT(*) AS tp_count FROM `sw_goods` WHERE `goods_id` = 12 LIMIT 1   [ RunTime:0.0003s ]
NOTIC: D方法实例化没找到模型类Model\Model\CommentModel
SQL: SHOW COLUMNS FROM `sw_comment` [ RunTime:0.0013s ]
SQL: SELECT * FROM `sw_comment` WHERE `goods_id` = 12 LIMIT 0,1   [ RunTime:0.0005s ]
SQL: SHOW COLUMNS FROM `sw_cat` [ RunTime:0.0007s ]
SQL: SELECT * FROM `sw_cat`  [ RunTime:0.0003s ]
SQL: SHOW COLUMNS FROM `sw_cat` [ RunTime:0.0006s ]
SQL: SELECT * FROM `sw_cat`  [ RunTime:0.0003s ]
INFO: [ view_parse ] --START--
INFO: [ template_filter ] --START--
INFO: Run Behavior\ContentReplaceBehavior [ RunTime:0.000257s ]
INFO: [ template_filter ] --END-- [ RunTime:0.000404s ]
NOTIC: [8] Undefined variable: smarty C:\wamp\www\tp\shop\Runtime\Cache\Home\0d146c9dd0c0a33e50da279fd1e3f9ad.php 第 35 行.
INFO: Run Behavior\ParseTemplateBehavior [ RunTime:0.032142s ]
INFO: [ view_parse ] --END-- [ RunTime:0.032299s ]
INFO: [ view_filter ] --START--
INFO: Run Behavior\WriteHtmlCacheBehavior [ RunTime:0.000552s ]
INFO: [ view_filter ] --END-- [ RunTime:0.000680s ]
INFO: [ app_end ] --START--
INFO: Run Behavior\ShowPageTraceBehavior [ RunTime:0.002170s ]
INFO: [ app_end ] --END-- [ RunTime:0.002452s ]

[ 2018-03-21T00:03:38+08:00 ] 127.0.0.1 /tp/shop/index.php/Home/Goods/gwc
INFO: [ app_init ] --START--
INFO: Run Behavior\BuildLiteBehavior [ RunTime:0.000037s ]
INFO: [ app_init ] --END-- [ RunTime:0.000690s ]
INFO: [ app_begin ] --START--
INFO: Run Behavior\ReadHtmlCacheBehavior [ RunTime:0.000843s ]
INFO: [ app_begin ] --END-- [ RunTime:0.000985s ]
NOTIC: D方法实例化没找到模型类Model\Model\GoodsModel
SQL: SHOW COLUMNS FROM `sw_goods` [ RunTime:0.0010s ]
SQL: SELECT * FROM `sw_goods` WHERE `goods_id` = 12 LIMIT 1   [ RunTime:0.0006s ]
NOTIC: [8] Undefined offset: 12 C:\wamp\www\tp\shop\Tools\AddTool.class.php 第 84 行.
INFO: [ app_end ] --START--
INFO: Run Behavior\ShowPageTraceBehavior [ RunTime:0.001690s ]
INFO: [ app_end ] --END-- [ RunTime:0.001883s ]

[ 2018-03-21T00:03:40+08:00 ] 127.0.0.1 /tp/shop/index.php/Home/Order/checkout
INFO: [ app_init ] --START--
INFO: Run Behavior\BuildLiteBehavior [ RunTime:0.000032s ]
INFO: [ app_init ] --END-- [ RunTime:0.000578s ]
INFO: [ app_begin ] --START--
INFO: Run Behavior\ReadHtmlCacheBehavior [ RunTime:0.000823s ]
INFO: [ app_begin ] --END-- [ RunTime:0.000988s ]
INFO: [ view_parse ] --START--
INFO: [ template_filter ] --START--
INFO: Run Behavior\ContentReplaceBehavior [ RunTime:0.000129s ]
INFO: [ template_filter ] --END-- [ RunTime:0.000276s ]
NOTIC: [8] Array to string conversion C:\wamp\www\tp\shop\Runtime\Cache\Home\a5902b01cacb1dcc89f3b73e3d51bd99.php 第 148 行.
NOTIC: [8] Undefined index: num * Array C:\wamp\www\tp\shop\Runtime\Cache\Home\a5902b01cacb1dcc89f3b73e3d51bd99.php 第 148 行.
NOTIC: [8] Array to string conversion C:\wamp\www\tp\shop\Runtime\Cache\Home\a5902b01cacb1dcc89f3b73e3d51bd99.php 第 148 行.
NOTIC: [8] Undefined index: num * Array C:\wamp\www\tp\shop\Runtime\Cache\Home\a5902b01cacb1dcc89f3b73e3d51bd99.php 第 148 行.
INFO: Run Behavior\ParseTemplateBehavior [ RunTime:0.015726s ]
INFO: [ view_parse ] --END-- [ RunTime:0.015865s ]
INFO: [ view_filter ] --START--
INFO: Run Behavior\WriteHtmlCacheBehavior [ RunTime:0.000540s ]
INFO: [ view_filter ] --END-- [ RunTime:0.000674s ]
INFO: [ app_end ] --START--
INFO: Run Behavior\ShowPageTraceBehavior [ RunTime:0.001406s ]
INFO: [ app_end ] --END-- [ RunTime:0.001655s ]

[ 2018-03-21T00:04:02+08:00 ] 127.0.0.1 /tp/shop/index.php/Home/Order/del/
INFO: [ app_init ] --START--
INFO: Run Behavior\BuildLiteBehavior [ RunTime:0.000033s ]
INFO: [ app_init ] --END-- [ RunTime:0.000653s ]
INFO: [ app_begin ] --START--
INFO: Run Behavior\ReadHtmlCacheBehavior [ RunTime:0.000896s ]
INFO: [ app_begin ] --END-- [ RunTime:0.001059s ]
INFO: [ app_end ] --START--
INFO: Run Behavior\ShowPageTraceBehavior [ RunTime:0.001234s ]
INFO: [ app_end ] --END-- [ RunTime:0.001406s ]

[ 2018-03-21T00:04:40+08:00 ] 127.0.0.1 /tp/shop/index.php/Home/Order/del/
INFO: [ app_init ] --START--
INFO: Run Behavior\BuildLiteBehavior [ RunTime:0.000029s ]
INFO: [ app_init ] --END-- [ RunTime:0.000544s ]
INFO: [ app_begin ] --START--
INFO: Run Behavior\ReadHtmlCacheBehavior [ RunTime:0.000659s ]
INFO: [ app_begin ] --END-- [ RunTime:0.000794s ]
INFO: [ app_end ] --START--
INFO: Run Behavior\ShowPageTraceBehavior [ RunTime:0.001488s ]
INFO: [ app_end ] --END-- [ RunTime:0.001714s ]

[ 2018-03-21T00:04:46+08:00 ] 127.0.0.1 /tp/shop/index.php/Home/Order/checkout
INFO: [ app_init ] --START--
INFO: Run Behavior\BuildLiteBehavior [ RunTime:0.000029s ]
INFO: [ app_init ] --END-- [ RunTime:0.000538s ]
INFO: [ app_begin ] --START--
INFO: Run Behavior\ReadHtmlCacheBehavior [ RunTime:0.000681s ]
INFO: [ app_begin ] --END-- [ RunTime:0.000816s ]
INFO: [ view_parse ] --START--
INFO: [ template_filter ] --START--
INFO: Run Behavior\ContentReplaceBehavior [ RunTime:0.000202s ]
INFO: [ template_filter ] --END-- [ RunTime:0.000474s ]
NOTIC: [8] Array to string conversion C:\wamp\www\tp\shop\Runtime\Cache\Home\a5902b01cacb1dcc89f3b73e3d51bd99.php 第 148 行.
NOTIC: [8] Undefined index: num * Array C:\wamp\www\tp\shop\Runtime\Cache\Home\a5902b01cacb1dcc89f3b73e3d51bd99.php 第 148 行.
INFO: Run Behavior\ParseTemplateBehavior [ RunTime:0.017700s ]
INFO: [ view_parse ] --END-- [ RunTime:0.017917s ]
INFO: [ view_filter ] --START--
INFO: Run Behavior\WriteHtmlCacheBehavior [ RunTime:0.000797s ]
INFO: [ view_filter ] --END-- [ RunTime:0.000999s ]
INFO: [ app_end ] --START--
INFO: Run Behavior\ShowPageTraceBehavior [ RunTime:0.001204s ]
INFO: [ app_end ] --END-- [ RunTime:0.001457s ]

[ 2018-03-21T00:04:56+08:00 ] 127.0.0.1 /tp/shop/index.php/Home/Order/del/
INFO: [ app_init ] --START--
INFO: Run Behavior\BuildLiteBehavior [ RunTime:0.000033s ]
INFO: [ app_init ] --END-- [ RunTime:0.000730s ]
INFO: [ app_begin ] --START--
INFO: Run Behavior\ReadHtmlCacheBehavior [ RunTime:0.001291s ]
INFO: [ app_begin ] --END-- [ RunTime:0.001569s ]
INFO: [ app_end ] --START--
INFO: Run Behavior\ShowPageTraceBehavior [ RunTime:0.001010s ]
INFO: [ app_end ] --END-- [ RunTime:0.001174s ]

[ 2018-03-21T00:05:33+08:00 ] 127.0.0.1 /tp/shop/index.php/Home/Order/del/
INFO: [ app_init ] --START--
INFO: Run Behavior\BuildLiteBehavior [ RunTime:0.000028s ]
INFO: [ app_init ] --END-- [ RunTime:0.000661s ]
INFO: [ app_begin ] --START--
INFO: Run Behavior\ReadHtmlCacheBehavior [ RunTime:0.001251s ]
INFO: [ app_begin ] --END-- [ RunTime:0.001414s ]
INFO: [ app_end ] --START--
INFO: Run Behavior\ShowPageTraceBehavior [ RunTime:0.001069s ]
INFO: [ app_end ] --END-- [ RunTime:0.001207s ]

[ 2018-03-21T00:05:43+08:00 ] 127.0.0.1 /tp/shop/index.php/Home/Order/checkout
INFO: [ app_init ] --START--
INFO: Run Behavior\BuildLiteBehavior [ RunTime:0.000029s ]
INFO: [ app_init ] --END-- [ RunTime:0.000560s ]
INFO: [ app_begin ] --START--
INFO: Run Behavior\ReadHtmlCacheBehavior [ RunTime:0.001231s ]
INFO: [ app_begin ] --END-- [ RunTime:0.001532s ]
INFO: [ view_parse ] --START--
INFO: [ template_filter ] --START--
INFO: Run Behavior\ContentReplaceBehavior [ RunTime:0.000127s ]
INFO: [ template_filter ] --END-- [ RunTime:0.000281s ]
NOTIC: [8] Array to string conversion C:\wamp\www\tp\shop\Runtime\Cache\Home\a5902b01cacb1dcc89f3b73e3d51bd99.php 第 148 行.
NOTIC: [8] Undefined index: num * Array C:\wamp\www\tp\shop\Runtime\Cache\Home\a5902b01cacb1dcc89f3b73e3d51bd99.php 第 148 行.
INFO: Run Behavior\ParseTemplateBehavior [ RunTime:0.017857s ]
INFO: [ view_parse ] --END-- [ RunTime:0.018012s ]
INFO: [ view_filter ] --START--
INFO: Run Behavior\WriteHtmlCacheBehavior [ RunTime:0.000768s ]
INFO: [ view_filter ] --END-- [ RunTime:0.000898s ]
INFO: [ app_end ] --START--
INFO: Run Behavior\ShowPageTraceBehavior [ RunTime:0.001081s ]
INFO: [ app_end ] --END-- [ RunTime:0.001223s ]

[ 2018-03-21T00:06:02+08:00 ] 127.0.0.1 /tp/shop/index.php/Home/Order/del/goods_id/12
INFO: [ app_init ] --START--
INFO: Run Behavior\BuildLiteBehavior [ RunTime:0.000029s ]
INFO: [ app_init ] --END-- [ RunTime:0.000555s ]
INFO: [ app_begin ] --START--
INFO: Run Behavior\ReadHtmlCacheBehavior [ RunTime:0.000696s ]
INFO: [ app_begin ] --END-- [ RunTime:0.000848s ]
INFO: [ app_end ] --START--
INFO: Run Behavior\ShowPageTraceBehavior [ RunTime:0.000953s ]
INFO: [ app_end ] --END-- [ RunTime:0.001092s ]

[ 2018-03-21T00:06:21+08:00 ] 127.0.0.1 /tp/shop/index.php/Home/Order/checkout
INFO: [ app_init ] --START--
INFO: Run Behavior\BuildLiteBehavior [ RunTime:0.000031s ]
INFO: [ app_init ] --END-- [ RunTime:0.000555s ]
INFO: [ app_begin ] --START--
INFO: Run Behavior\ReadHtmlCacheBehavior [ RunTime:0.000769s ]
INFO: [ app_begin ] --END-- [ RunTime:0.000921s ]
INFO: [ view_parse ] --START--
INFO: [ template_filter ] --START--
INFO: Run Behavior\ContentReplaceBehavior [ RunTime:0.000229s ]
INFO: [ template_filter ] --END-- [ RunTime:0.000530s ]
NOTIC: [8] Array to string conversion C:\wamp\www\tp\shop\Runtime\Cache\Home\a5902b01cacb1dcc89f3b73e3d51bd99.php 第 148 行.
NOTIC: [8] Undefined index: num * Array C:\wamp\www\tp\shop\Runtime\Cache\Home\a5902b01cacb1dcc89f3b73e3d51bd99.php 第 148 行.
INFO: Run Behavior\ParseTemplateBehavior [ RunTime:0.018571s ]
INFO: [ view_parse ] --END-- [ RunTime:0.018789s ]
INFO: [ view_filter ] --START--
INFO: Run Behavior\WriteHtmlCacheBehavior [ RunTime:0.000937s ]
INFO: [ view_filter ] --END-- [ RunTime:0.001209s ]
INFO: [ app_end ] --START--
INFO: Run Behavior\ShowPageTraceBehavior [ RunTime:0.002212s ]
INFO: [ app_end ] --END-- [ RunTime:0.002428s ]

[ 2018-03-21T00:06:34+08:00 ] 127.0.0.1 /tp/shop/index.php/Home/Order/checkout
INFO: [ app_init ] --START--
INFO: Run Behavior\BuildLiteBehavior [ RunTime:0.000031s ]
INFO: [ app_init ] --END-- [ RunTime:0.000546s ]
INFO: [ app_begin ] --START--
INFO: Run Behavior\ReadHtmlCacheBehavior [ RunTime:0.001144s ]
INFO: [ app_begin ] --END-- [ RunTime:0.001295s ]
INFO: [ view_parse ] --START--
INFO: [ template_filter ] --START--
INFO: Run Behavior\ContentReplaceBehavior [ RunTime:0.000662s ]
INFO: [ template_filter ] --END-- [ RunTime:0.000908s ]
NOTIC: [8] Array to string conversion C:\wamp\www\tp\shop\Runtime\Cache\Home\a5902b01cacb1dcc89f3b73e3d51bd99.php 第 148 行.
NOTIC: [8] Undefined index: num * Array C:\wamp\www\tp\shop\Runtime\Cache\Home\a5902b01cacb1dcc89f3b73e3d51bd99.php 第 148 行.
INFO: Run Behavior\ParseTemplateBehavior [ RunTime:0.015825s ]
INFO: [ view_parse ] --END-- [ RunTime:0.015966s ]
INFO: [ view_filter ] --START--
INFO: Run Behavior\WriteHtmlCacheBehavior [ RunTime:0.000548s ]
INFO: [ view_filter ] --END-- [ RunTime:0.000682s ]
INFO: [ app_end ] --START--
INFO: Run Behavior\ShowPageTraceBehavior [ RunTime:0.001212s ]
INFO: [ app_end ] --END-- [ RunTime:0.001395s ]

[ 2018-03-21T00:06:36+08:00 ] 127.0.0.1 /tp/shop/index.php/Home/Order/del/goods_id/12
INFO: [ app_init ] --START--
INFO: Run Behavior\BuildLiteBehavior [ RunTime:0.000120s ]
INFO: [ app_init ] --END-- [ RunTime:0.000970s ]
INFO: [ app_begin ] --START--
INFO: Run Behavior\ReadHtmlCacheBehavior [ RunTime:0.001411s ]
INFO: [ app_begin ] --END-- [ RunTime:0.001601s ]
INFO: [ app_end ] --START--
INFO: Run Behavior\ShowPageTraceBehavior [ RunTime:0.001470s ]
INFO: [ app_end ] --END-- [ RunTime:0.001648s ]

[ 2018-03-21T00:07:58+08:00 ] 127.0.0.1 /tp/shop/index.php/Home/Order/del/goods_id/12
INFO: [ app_init ] --START--
INFO: Run Behavior\BuildLiteBehavior [ RunTime:0.000056s ]
INFO: [ app_init ] --END-- [ RunTime:0.001270s ]
INFO: [ app_begin ] --START--
INFO: Run Behavior\ReadHtmlCacheBehavior [ RunTime:0.000950s ]
INFO: [ app_begin ] --END-- [ RunTime:0.001093s ]
INFO: [ app_end ] --START--
INFO: Run Behavior\ShowPageTraceBehavior [ RunTime:0.001266s ]
INFO: [ app_end ] --END-- [ RunTime:0.001418s ]

[ 2018-03-21T00:08:20+08:00 ] 127.0.0.1 /tp/shop/index.php/Home/Order/checkout
INFO: [ app_init ] --START--
INFO: Run Behavior\BuildLiteBehavior [ RunTime:0.000028s ]
INFO: [ app_init ] --END-- [ RunTime:0.000538s ]
INFO: [ app_begin ] --START--
INFO: Run Behavior\ReadHtmlCacheBehavior [ RunTime:0.000660s ]
INFO: [ app_begin ] --END-- [ RunTime:0.000809s ]
INFO: [ view_parse ] --START--
INFO: [ template_filter ] --START--
INFO: Run Behavior\ContentReplaceBehavior [ RunTime:0.000128s ]
INFO: [ template_filter ] --END-- [ RunTime:0.000283s ]
NOTIC: [8] Array to string conversion C:\wamp\www\tp\shop\Runtime\Cache\Home\a5902b01cacb1dcc89f3b73e3d51bd99.php 第 148 行.
NOTIC: [8] Undefined index: num * Array C:\wamp\www\tp\shop\Runtime\Cache\Home\a5902b01cacb1dcc89f3b73e3d51bd99.php 第 148 行.
INFO: Run Behavior\ParseTemplateBehavior [ RunTime:0.014819s ]
INFO: [ view_parse ] --END-- [ RunTime:0.014976s ]
INFO: [ view_filter ] --START--
INFO: Run Behavior\WriteHtmlCacheBehavior [ RunTime:0.000726s ]
INFO: [ view_filter ] --END-- [ RunTime:0.000858s ]
INFO: [ app_end ] --START--
INFO: Run Behavior\ShowPageTraceBehavior [ RunTime:0.001421s ]
INFO: [ app_end ] --END-- [ RunTime:0.001750s ]

[ 2018-03-21T00:08:22+08:00 ] 127.0.0.1 /tp/shop/index.php/Home/Order/del/goods_id/12
INFO: [ app_init ] --START--
INFO: Run Behavior\BuildLiteBehavior [ RunTime:0.000033s ]
INFO: [ app_init ] --END-- [ RunTime:0.000627s ]
INFO: [ app_begin ] --START--
INFO: Run Behavior\ReadHtmlCacheBehavior [ RunTime:0.001208s ]
INFO: [ app_begin ] --END-- [ RunTime:0.001512s ]
INFO: [ app_end ] --START--
INFO: Run Behavior\ShowPageTraceBehavior [ RunTime:0.001131s ]
INFO: [ app_end ] --END-- [ RunTime:0.001294s ]

[ 2018-03-21T00:08:25+08:00 ] 127.0.0.1 /tp/shop/index.php/Home/Order/del/goods_id/12
INFO: [ app_init ] --START--
INFO: Run Behavior\BuildLiteBehavior [ RunTime:0.000039s ]
INFO: [ app_init ] --END-- [ RunTime:0.000539s ]
INFO: [ app_begin ] --START--
INFO: Run Behavior\ReadHtmlCacheBehavior [ RunTime:0.000662s ]
INFO: [ app_begin ] --END-- [ RunTime:0.000805s ]
INFO: [ app_end ] --START--
INFO: Run Behavior\ShowPageTraceBehavior [ RunTime:0.000945s ]
INFO: [ app_end ] --END-- [ RunTime:0.001082s ]

[ 2018-03-21T00:08:27+08:00 ] 127.0.0.1 /tp/shop/index.php/Home/Order/checkout
INFO: [ app_init ] --START--
INFO: Run Behavior\BuildLiteBehavior [ RunTime:0.000032s ]
INFO: [ app_init ] --END-- [ RunTime:0.000673s ]
INFO: [ app_begin ] --START--
INFO: Run Behavior\ReadHtmlCacheBehavior [ RunTime:0.000871s ]
INFO: [ app_begin ] --END-- [ RunTime:0.001092s ]
INFO: [ view_parse ] --START--
INFO: [ template_filter ] --START--
INFO: Run Behavior\ContentReplaceBehavior [ RunTime:0.000115s ]
INFO: [ template_filter ] --END-- [ RunTime:0.000252s ]
NOTIC: [8] Array to string conversion C:\wamp\www\tp\shop\Runtime\Cache\Home\a5902b01cacb1dcc89f3b73e3d51bd99.php 第 148 行.
NOTIC: [8] Undefined index: num * Array C:\wamp\www\tp\shop\Runtime\Cache\Home\a5902b01cacb1dcc89f3b73e3d51bd99.php 第 148 行.
INFO: Run Behavior\ParseTemplateBehavior [ RunTime:0.015463s ]
INFO: [ view_parse ] --END-- [ RunTime:0.015613s ]
INFO: [ view_filter ] --START--
INFO: Run Behavior\WriteHtmlCacheBehavior [ RunTime:0.000536s ]
INFO: [ view_filter ] --END-- [ RunTime:0.000670s ]
INFO: [ app_end ] --START--
INFO: Run Behavior\ShowPageTraceBehavior [ RunTime:0.001492s ]
INFO: [ app_end ] --END-- [ RunTime:0.001906s ]

[ 2018-03-21T00:08:46+08:00 ] 127.0.0.1 /tp/shop/index.php/Home/Order/checkout
INFO: [ app_init ] --START--
INFO: Run Behavior\BuildLiteBehavior [ RunTime:0.000031s ]
INFO: [ app_init ] --END-- [ RunTime:0.000544s ]
INFO: [ app_begin ] --START--
INFO: Run Behavior\ReadHtmlCacheBehavior [ RunTime:0.000716s ]
INFO: [ app_begin ] --END-- [ RunTime:0.000862s ]
INFO: [ view_parse ] --START--
INFO: [ template_filter ] --START--
INFO: Run Behavior\ContentReplaceBehavior [ RunTime:0.000122s ]
INFO: [ template_filter ] --END-- [ RunTime:0.000276s ]
NOTIC: [8] Array to string conversion C:\wamp\www\tp\shop\Runtime\Cache\Home\a5902b01cacb1dcc89f3b73e3d51bd99.php 第 148 行.
NOTIC: [8] Undefined index: num * Array C:\wamp\www\tp\shop\Runtime\Cache\Home\a5902b01cacb1dcc89f3b73e3d51bd99.php 第 148 行.
INFO: Run Behavior\ParseTemplateBehavior [ RunTime:0.015443s ]
INFO: [ view_parse ] --END-- [ RunTime:0.015602s ]
INFO: [ view_filter ] --START--
INFO: Run Behavior\WriteHtmlCacheBehavior [ RunTime:0.000599s ]
INFO: [ view_filter ] --END-- [ RunTime:0.000733s ]
INFO: [ app_end ] --START--
INFO: Run Behavior\ShowPageTraceBehavior [ RunTime:0.001457s ]
INFO: [ app_end ] --END-- [ RunTime:0.001613s ]

[ 2018-03-21T00:08:47+08:00 ] 127.0.0.1 /tp/shop/index.php/Home/Order/del/goods_id/12
INFO: [ app_init ] --START--
INFO: Run Behavior\BuildLiteBehavior [ RunTime:0.000033s ]
INFO: [ app_init ] --END-- [ RunTime:0.000613s ]
INFO: [ app_begin ] --START--
INFO: Run Behavior\ReadHtmlCacheBehavior [ RunTime:0.000790s ]
INFO: [ app_begin ] --END-- [ RunTime:0.000945s ]
INFO: [ app_end ] --START--
INFO: Run Behavior\ShowPageTraceBehavior [ RunTime:0.002273s ]
INFO: [ app_end ] --END-- [ RunTime:0.002580s ]

[ 2018-03-21T00:08:50+08:00 ] 127.0.0.1 /tp/shop/index.php/Home/Order/checkout
INFO: [ app_init ] --START--
INFO: Run Behavior\BuildLiteBehavior [ RunTime:0.000033s ]
INFO: [ app_init ] --END-- [ RunTime:0.000582s ]
INFO: [ app_begin ] --START--
INFO: Run Behavior\ReadHtmlCacheBehavior [ RunTime:0.000744s ]
INFO: [ app_begin ] --END-- [ RunTime:0.000898s ]
INFO: [ view_parse ] --START--
INFO: [ template_filter ] --START--
INFO: Run Behavior\ContentReplaceBehavior [ RunTime:0.000116s ]
INFO: [ template_filter ] --END-- [ RunTime:0.000256s ]
INFO: Run Behavior\ParseTemplateBehavior [ RunTime:0.015645s ]
INFO: [ view_parse ] --END-- [ RunTime:0.015788s ]
INFO: [ view_filter ] --START--
INFO: Run Behavior\WriteHtmlCacheBehavior [ RunTime:0.000532s ]
INFO: [ view_filter ] --END-- [ RunTime:0.000657s ]
INFO: [ app_end ] --START--
INFO: Run Behavior\ShowPageTraceBehavior [ RunTime:0.001404s ]
INFO: [ app_end ] --END-- [ RunTime:0.001884s ]

[ 2018-03-21T00:10:00+08:00 ] 127.0.0.1 /tp/shop/index.php/Home/Goods/gwc
INFO: [ app_init ] --START--
INFO: Run Behavior\BuildLiteBehavior [ RunTime:0.000056s ]
INFO: [ app_init ] --END-- [ RunTime:0.001022s ]
INFO: [ app_begin ] --START--
INFO: Run Behavior\ReadHtmlCacheBehavior [ RunTime:0.001213s ]
INFO: [ app_begin ] --END-- [ RunTime:0.001373s ]
NOTIC: D方法实例化没找到模型类Model\Model\GoodsModel
SQL: SHOW COLUMNS FROM `sw_goods` [ RunTime:0.0009s ]
SQL: SELECT * FROM `sw_goods` WHERE `goods_id` = 12 LIMIT 1   [ RunTime:0.0004s ]
NOTIC: [8] Undefined offset: 12 C:\wamp\www\tp\shop\Tools\AddTool.class.php 第 84 行.
INFO: [ app_end ] --START--
INFO: Run Behavior\ShowPageTraceBehavior [ RunTime:0.001141s ]
INFO: [ app_end ] --END-- [ RunTime:0.001266s ]

[ 2018-03-21T00:10:02+08:00 ] 127.0.0.1 /tp/shop/index.php/Home/Order/checkout
INFO: [ app_init ] --START--
INFO: Run Behavior\BuildLiteBehavior [ RunTime:0.000058s ]
INFO: [ app_init ] --END-- [ RunTime:0.000839s ]
INFO: [ app_begin ] --START--
INFO: Run Behavior\ReadHtmlCacheBehavior [ RunTime:0.001181s ]
INFO: [ app_begin ] --END-- [ RunTime:0.001476s ]
INFO: [ view_parse ] --START--
INFO: [ template_filter ] --START--
INFO: Run Behavior\ContentReplaceBehavior [ RunTime:0.000222s ]
INFO: [ template_filter ] --END-- [ RunTime:0.000514s ]
NOTIC: [8] Array to string conversion C:\wamp\www\tp\shop\Runtime\Cache\Home\a5902b01cacb1dcc89f3b73e3d51bd99.php 第 148 行.
NOTIC: [8] Undefined index: num * Array C:\wamp\www\tp\shop\Runtime\Cache\Home\a5902b01cacb1dcc89f3b73e3d51bd99.php 第 148 行.
INFO: Run Behavior\ParseTemplateBehavior [ RunTime:0.018733s ]
INFO: [ view_parse ] --END-- [ RunTime:0.018940s ]
INFO: [ view_filter ] --START--
INFO: Run Behavior\WriteHtmlCacheBehavior [ RunTime:0.000768s ]
INFO: [ view_filter ] --END-- [ RunTime:0.000909s ]
INFO: [ app_end ] --START--
INFO: Run Behavior\ShowPageTraceBehavior [ RunTime:0.001613s ]
INFO: [ app_end ] --END-- [ RunTime:0.001920s ]

[ 2018-03-21T00:10:04+08:00 ] 127.0.0.1 /tp/shop/index.php/Home/Order/del/goods_id/12
INFO: [ app_init ] --START--
INFO: Run Behavior\BuildLiteBehavior [ RunTime:0.000032s ]
INFO: [ app_init ] --END-- [ RunTime:0.000616s ]
INFO: [ app_begin ] --START--
INFO: Run Behavior\ReadHtmlCacheBehavior [ RunTime:0.001492s ]
INFO: [ app_begin ] --END-- [ RunTime:0.001805s ]

[ 2018-03-21T00:10:04+08:00 ] 127.0.0.1 /tp/shop/index.php/Order/checkout.html
INFO: [ app_init ] --START--
INFO: Run Behavior\BuildLiteBehavior [ RunTime:0.000036s ]
INFO: [ app_init ] --END-- [ RunTime:0.000975s ]
INFO: [ app_begin ] --START--
INFO: Run Behavior\ReadHtmlCacheBehavior [ RunTime:0.001384s ]
INFO: [ app_begin ] --END-- [ RunTime:0.001691s ]
INFO: [ view_parse ] --START--
INFO: [ template_filter ] --START--
INFO: Run Behavior\ContentReplaceBehavior [ RunTime:0.000134s ]
INFO: [ template_filter ] --END-- [ RunTime:0.000324s ]
INFO: Run Behavior\ParseTemplateBehavior [ RunTime:0.018335s ]
INFO: [ view_parse ] --END-- [ RunTime:0.018492s ]
INFO: [ view_filter ] --START--
INFO: Run Behavior\WriteHtmlCacheBehavior [ RunTime:0.000557s ]
INFO: [ view_filter ] --END-- [ RunTime:0.000693s ]
INFO: [ app_end ] --START--
INFO: Run Behavior\ShowPageTraceBehavior [ RunTime:0.001541s ]
INFO: [ app_end ] --END-- [ RunTime:0.001849s ]

[ 2018-03-21T00:10:10+08:00 ] 127.0.0.1 /tp/shop/index.php/Home/Order/checkout
INFO: [ app_init ] --START--
INFO: Run Behavior\BuildLiteBehavior [ RunTime:0.000036s ]
INFO: [ app_init ] --END-- [ RunTime:0.000626s ]
INFO: [ app_begin ] --START--
INFO: Run Behavior\ReadHtmlCacheBehavior [ RunTime:0.000904s ]
INFO: [ app_begin ] --END-- [ RunTime:0.001082s ]
INFO: [ view_parse ] --START--
INFO: [ template_filter ] --START--
INFO: Run Behavior\ContentReplaceBehavior [ RunTime:0.000168s ]
INFO: [ template_filter ] --END-- [ RunTime:0.000351s ]
INFO: Run Behavior\ParseTemplateBehavior [ RunTime:0.019082s ]
INFO: [ view_parse ] --END-- [ RunTime:0.019265s ]
INFO: [ view_filter ] --START--
INFO: Run Behavior\WriteHtmlCacheBehavior [ RunTime:0.000629s ]
INFO: [ view_filter ] --END-- [ RunTime:0.000783s ]
INFO: [ app_end ] --START--
INFO: Run Behavior\ShowPageTraceBehavior [ RunTime:0.001300s ]
INFO: [ app_end ] --END-- [ RunTime:0.001486s ]

[ 2018-03-21T00:10:11+08:00 ] 127.0.0.1 /tp/shop/index.php/Home/Order/checkout
INFO: [ app_init ] --START--
INFO: Run Behavior\BuildLiteBehavior [ RunTime:0.000041s ]
INFO: [ app_init ] --END-- [ RunTime:0.000809s ]
INFO: [ app_begin ] --START--
INFO: Run Behavior\ReadHtmlCacheBehavior [ RunTime:0.000755s ]
INFO: [ app_begin ] --END-- [ RunTime:0.000906s ]
INFO: [ view_parse ] --START--
INFO: [ template_filter ] --START--
INFO: Run Behavior\ContentReplaceBehavior [ RunTime:0.000126s ]
INFO: [ template_filter ] --END-- [ RunTime:0.000282s ]
INFO: Run Behavior\ParseTemplateBehavior [ RunTime:0.018221s ]
INFO: [ view_parse ] --END-- [ RunTime:0.018385s ]
INFO: [ view_filter ] --START--
INFO: Run Behavior\WriteHtmlCacheBehavior [ RunTime:0.000573s ]
INFO: [ view_filter ] --END-- [ RunTime:0.000710s ]
INFO: [ app_end ] --START--
INFO: Run Behavior\ShowPageTraceBehavior [ RunTime:0.001724s ]
INFO: [ app_end ] --END-- [ RunTime:0.002019s ]

[ 2018-03-21T00:10:15+08:00 ] 127.0.0.1 /tp/shop/index.php/Home/Goods/gwc
INFO: [ app_init ] --START--
INFO: Run Behavior\BuildLiteBehavior [ RunTime:0.000029s ]
INFO: [ app_init ] --END-- [ RunTime:0.000557s ]
INFO: [ app_begin ] --START--
INFO: Run Behavior\ReadHtmlCacheBehavior [ RunTime:0.000646s ]
INFO: [ app_begin ] --END-- [ RunTime:0.000766s ]
NOTIC: D方法实例化没找到模型类Model\Model\GoodsModel
SQL: SHOW COLUMNS FROM `sw_goods` [ RunTime:0.0009s ]
SQL: SELECT * FROM `sw_goods` WHERE `goods_id` = 12 LIMIT 1   [ RunTime:0.0003s ]
NOTIC: [8] Undefined offset: 12 C:\wamp\www\tp\shop\Tools\AddTool.class.php 第 84 行.
INFO: [ app_end ] --START--
INFO: Run Behavior\ShowPageTraceBehavior [ RunTime:0.001022s ]
INFO: [ app_end ] --END-- [ RunTime:0.001144s ]

[ 2018-03-21T00:10:17+08:00 ] 127.0.0.1 /tp/shop/index.php/Home/Order/checkout
INFO: [ app_init ] --START--
INFO: Run Behavior\BuildLiteBehavior [ RunTime:0.000029s ]
INFO: [ app_init ] --END-- [ RunTime:0.000542s ]
INFO: [ app_begin ] --START--
INFO: Run Behavior\ReadHtmlCacheBehavior [ RunTime:0.000660s ]
INFO: [ app_begin ] --END-- [ RunTime:0.000818s ]
INFO: [ view_parse ] --START--
INFO: [ template_filter ] --START--
INFO: Run Behavior\ContentReplaceBehavior [ RunTime:0.000124s ]
INFO: [ template_filter ] --END-- [ RunTime:0.000278s ]
NOTIC: [8] Array to string conversion C:\wamp\www\tp\shop\Runtime\Cache\Home\a5902b01cacb1dcc89f3b73e3d51bd99.php 第 148 行.
NOTIC: [8] Undefined index: num * Array C:\wamp\www\tp\shop\Runtime\Cache\Home\a5902b01cacb1dcc89f3b73e3d51bd99.php 第 148 行.
INFO: Run Behavior\ParseTemplateBehavior [ RunTime:0.017090s ]
INFO: [ view_parse ] --END-- [ RunTime:0.017254s ]
INFO: [ view_filter ] --START--
INFO: Run Behavior\WriteHtmlCacheBehavior [ RunTime:0.000716s ]
INFO: [ view_filter ] --END-- [ RunTime:0.000856s ]
INFO: [ app_end ] --START--
INFO: Run Behavior\ShowPageTraceBehavior [ RunTime:0.002248s ]
INFO: [ app_end ] --END-- [ RunTime:0.002579s ]

[ 2018-03-21T00:10:20+08:00 ] 127.0.0.1 /tp/shop/index.php/Home/Order/del/goods_id/12
INFO: [ app_init ] --START--
INFO: Run Behavior\BuildLiteBehavior [ RunTime:0.000051s ]
INFO: [ app_init ] --END-- [ RunTime:0.000703s ]
INFO: [ app_begin ] --START--
INFO: Run Behavior\ReadHtmlCacheBehavior [ RunTime:0.000881s ]
INFO: [ app_begin ] --END-- [ RunTime:0.001048s ]

[ 2018-03-21T00:10:21+08:00 ] 127.0.0.1 /tp/shop/index.php/Order/checkout.html
INFO: [ app_init ] --START--
INFO: Run Behavior\BuildLiteBehavior [ RunTime:0.000029s ]
INFO: [ app_init ] --END-- [ RunTime:0.000535s ]
INFO: [ app_begin ] --START--
INFO: Run Behavior\ReadHtmlCacheBehavior [ RunTime:0.001161s ]
INFO: [ app_begin ] --END-- [ RunTime:0.001399s ]
INFO: [ view_parse ] --START--
INFO: [ template_filter ] --START--
INFO: Run Behavior\ContentReplaceBehavior [ RunTime:0.000124s ]
INFO: [ template_filter ] --END-- [ RunTime:0.000273s ]
INFO: Run Behavior\ParseTemplateBehavior [ RunTime:0.015572s ]
INFO: [ view_parse ] --END-- [ RunTime:0.015729s ]
INFO: [ view_filter ] --START--
INFO: Run Behavior\WriteHtmlCacheBehavior [ RunTime:0.000734s ]
INFO: [ view_filter ] --END-- [ RunTime:0.000870s ]
INFO: [ app_end ] --START--
INFO: Run Behavior\ShowPageTraceBehavior [ RunTime:0.001268s ]
INFO: [ app_end ] --END-- [ RunTime:0.001469s ]

[ 2018-03-21T00:10:23+08:00 ] 127.0.0.1 /tp/shop/index.php/Order/checkout.html
INFO: [ app_init ] --START--
INFO: Run Behavior\BuildLiteBehavior [ RunTime:0.000032s ]
INFO: [ app_init ] --END-- [ RunTime:0.000701s ]
INFO: [ app_begin ] --START--
INFO: Run Behavior\ReadHtmlCacheBehavior [ RunTime:0.000809s ]
INFO: [ app_begin ] --END-- [ RunTime:0.000968s ]
INFO: [ view_parse ] --START--
INFO: [ template_filter ] --START--
INFO: Run Behavior\ContentReplaceBehavior [ RunTime:0.000149s ]
INFO: [ template_filter ] --END-- [ RunTime:0.000303s ]
INFO: Run Behavior\ParseTemplateBehavior [ RunTime:0.016481s ]
INFO: [ view_parse ] --END-- [ RunTime:0.016642s ]
INFO: [ view_filter ] --START--
INFO: Run Behavior\WriteHtmlCacheBehavior [ RunTime:0.000563s ]
INFO: [ view_filter ] --END-- [ RunTime:0.000696s ]
INFO: [ app_end ] --START--
INFO: Run Behavior\ShowPageTraceBehavior [ RunTime:0.001570s ]
INFO: [ app_end ] --END-- [ RunTime:0.001794s ]

[ 2018-03-21T00:10:25+08:00 ] 127.0.0.1 /tp/shop/index.php/Home/Order/checkout
INFO: [ app_init ] --START--
INFO: Run Behavior\BuildLiteBehavior [ RunTime:0.000031s ]
INFO: [ app_init ] --END-- [ RunTime:0.000561s ]
INFO: [ app_begin ] --START--
INFO: Run Behavior\ReadHtmlCacheBehavior [ RunTime:0.000712s ]
INFO: [ app_begin ] --END-- [ RunTime:0.000856s ]
INFO: [ view_parse ] --START--
INFO: [ template_filter ] --START--
INFO: Run Behavior\ContentReplaceBehavior [ RunTime:0.000122s ]
INFO: [ template_filter ] --END-- [ RunTime:0.000269s ]
INFO: Run Behavior\ParseTemplateBehavior [ RunTime:0.015101s ]
INFO: [ view_parse ] --END-- [ RunTime:0.015253s ]
INFO: [ view_filter ] --START--
INFO: Run Behavior\WriteHtmlCacheBehavior [ RunTime:0.000542s ]
INFO: [ view_filter ] --END-- [ RunTime:0.000676s ]
INFO: [ app_end ] --START--
INFO: Run Behavior\ShowPageTraceBehavior [ RunTime:0.001069s ]
INFO: [ app_end ] --END-- [ RunTime:0.001216s ]

[ 2018-03-21T00:12:08+08:00 ] 127.0.0.1 /tp/shop/index.php/Home/Index/Index
INFO: [ app_init ] --START--
INFO: Run Behavior\BuildLiteBehavior [ RunTime:0.000030s ]
INFO: [ app_init ] --END-- [ RunTime:0.000672s ]
INFO: [ app_begin ] --START--
INFO: Run Behavior\ReadHtmlCacheBehavior [ RunTime:0.000966s ]
INFO: [ app_begin ] --END-- [ RunTime:0.001142s ]
SQL: SHOW COLUMNS FROM `sw_cat` [ RunTime:0.0009s ]
SQL: SELECT * FROM `sw_cat`  [ RunTime:0.0004s ]
SQL: SHOW COLUMNS FROM `sw_goods` [ RunTime:0.0009s ]
SQL: SELECT `goods_name`,`goods_price`,`goods_img`,`goods_img_s`,`cat_id`,`goods_brief`,`hot`,`best`,`new` FROM `sw_goods` WHERE ( hot=1 )  [ RunTime:0.0229s ]
INFO: [ view_parse ] --START--
INFO: [ template_filter ] --START--
INFO: Run Behavior\ContentReplaceBehavior [ RunTime:0.000677s ]
INFO: [ template_filter ] --END-- [ RunTime:0.000839s ]
INFO: Run Behavior\ParseTemplateBehavior [ RunTime:0.047320s ]
INFO: [ view_parse ] --END-- [ RunTime:0.047487s ]
INFO: [ view_filter ] --START--
INFO: Run Behavior\WriteHtmlCacheBehavior [ RunTime:0.000580s ]
INFO: [ view_filter ] --END-- [ RunTime:0.000718s ]
INFO: [ app_end ] --START--
INFO: Run Behavior\ShowPageTraceBehavior [ RunTime:0.001923s ]
INFO: [ app_end ] --END-- [ RunTime:0.002282s ]

[ 2018-03-21T00:12:16+08:00 ] 127.0.0.1 /tp/shop/index.php/Home/Order/checkout
INFO: [ app_init ] --START--
INFO: Run Behavior\BuildLiteBehavior [ RunTime:0.000059s ]
INFO: [ app_init ] --END-- [ RunTime:0.000973s ]
INFO: [ app_begin ] --START--
INFO: Run Behavior\ReadHtmlCacheBehavior [ RunTime:0.001218s ]
INFO: [ app_begin ] --END-- [ RunTime:0.001526s ]
INFO: [ view_parse ] --START--
INFO: [ template_filter ] --START--
INFO: Run Behavior\ContentReplaceBehavior [ RunTime:0.000126s ]
INFO: [ template_filter ] --END-- [ RunTime:0.000276s ]
INFO: Run Behavior\ParseTemplateBehavior [ RunTime:0.017888s ]
INFO: [ view_parse ] --END-- [ RunTime:0.018120s ]
INFO: [ view_filter ] --START--
INFO: Run Behavior\WriteHtmlCacheBehavior [ RunTime:0.000922s ]
INFO: [ view_filter ] --END-- [ RunTime:0.001192s ]
INFO: [ app_end ] --START--
INFO: Run Behavior\ShowPageTraceBehavior [ RunTime:0.001877s ]
INFO: [ app_end ] --END-- [ RunTime:0.002168s ]

[ 2018-03-21T00:12:20+08:00 ] 127.0.0.1 /tp/shop/index.php/Home/Index/Index
INFO: [ app_init ] --START--
INFO: Run Behavior\BuildLiteBehavior [ RunTime:0.000034s ]
INFO: [ app_init ] --END-- [ RunTime:0.000625s ]
INFO: [ app_begin ] --START--
INFO: Run Behavior\ReadHtmlCacheBehavior [ RunTime:0.000935s ]
INFO: [ app_begin ] --END-- [ RunTime:0.001113s ]
SQL: SHOW COLUMNS FROM `sw_cat` [ RunTime:0.0008s ]
SQL: SELECT * FROM `sw_cat`  [ RunTime:0.0003s ]
SQL: SHOW COLUMNS FROM `sw_goods` [ RunTime:0.0007s ]
SQL: SELECT `goods_name`,`goods_price`,`goods_img`,`goods_img_s`,`cat_id`,`goods_brief`,`hot`,`best`,`new` FROM `sw_goods` WHERE ( hot=1 )  [ RunTime:0.0004s ]
INFO: [ view_parse ] --START--
INFO: [ template_filter ] --START--
INFO: Run Behavior\ContentReplaceBehavior [ RunTime:0.000622s ]
INFO: [ template_filter ] --END-- [ RunTime:0.000771s ]
INFO: Run Behavior\ParseTemplateBehavior [ RunTime:0.045163s ]
INFO: [ view_parse ] --END-- [ RunTime:0.045318s ]
INFO: [ view_filter ] --START--
INFO: Run Behavior\WriteHtmlCacheBehavior [ RunTime:0.000538s ]
INFO: [ view_filter ] --END-- [ RunTime:0.000666s ]
INFO: [ app_end ] --START--
INFO: Run Behavior\ShowPageTraceBehavior [ RunTime:0.002045s ]
INFO: [ app_end ] --END-- [ RunTime:0.002690s ]

[ 2018-03-21T00:14:14+08:00 ] 127.0.0.1 /tp/shop/index.php/Home/Index/Index
INFO: [ app_init ] --START--
INFO: Run Behavior\BuildLiteBehavior [ RunTime:0.000032s ]
INFO: [ app_init ] --END-- [ RunTime:0.000904s ]
INFO: [ app_begin ] --START--
INFO: Run Behavior\ReadHtmlCacheBehavior [ RunTime:0.000969s ]
INFO: [ app_begin ] --END-- [ RunTime:0.001122s ]
SQL: SHOW COLUMNS FROM `sw_cat` [ RunTime:0.0009s ]
SQL: SELECT * FROM `sw_cat`  [ RunTime:0.0003s ]
SQL: SHOW COLUMNS FROM `sw_goods` [ RunTime:0.0010s ]
SQL: SELECT `goods_name`,`goods_price`,`goods_img`,`goods_img_s`,`cat_id`,`goods_brief`,`hot`,`best`,`new` FROM `sw_goods` WHERE ( hot=1 ) LIMIT 0,3   [ RunTime:0.0007s ]
INFO: [ view_parse ] --START--
INFO: [ template_filter ] --START--
INFO: Run Behavior\ContentReplaceBehavior [ RunTime:0.001595s ]
INFO: [ template_filter ] --END-- [ RunTime:0.002057s ]
INFO: Run Behavior\ParseTemplateBehavior [ RunTime:0.047625s ]
INFO: [ view_parse ] --END-- [ RunTime:0.047905s ]
INFO: [ view_filter ] --START--
INFO: Run Behavior\WriteHtmlCacheBehavior [ RunTime:0.002678s ]
INFO: [ view_filter ] --END-- [ RunTime:0.002896s ]
INFO: [ app_end ] --START--
INFO: Run Behavior\ShowPageTraceBehavior [ RunTime:0.002396s ]
INFO: [ app_end ] --END-- [ RunTime:0.002968s ]

[ 2018-03-21T00:18:39+08:00 ] 127.0.0.1 /tp/shop/index.php/Home/Index/Index
INFO: [ app_init ] --START--
INFO: Run Behavior\BuildLiteBehavior [ RunTime:0.000031s ]
INFO: [ app_init ] --END-- [ RunTime:0.000668s ]
INFO: [ app_begin ] --START--
INFO: Run Behavior\ReadHtmlCacheBehavior [ RunTime:0.001447s ]
INFO: [ app_begin ] --END-- [ RunTime:0.001662s ]
SQL: SHOW COLUMNS FROM `sw_cat` [ RunTime:0.0010s ]
SQL: SELECT * FROM `sw_cat`  [ RunTime:0.0004s ]
SQL: SHOW COLUMNS FROM `sw_goods` [ RunTime:0.0010s ]
SQL: SELECT `goods_name`,`goods_price`,`goods_img`,`goods_img_s`,`cat_id`,`goods_brief`,`hot`,`best`,`new` FROM `sw_goods` WHERE ( hot=1 ) LIMIT 0,3   [ RunTime:0.0006s ]
INFO: [ view_parse ] --START--
INFO: [ template_filter ] --START--
INFO: Run Behavior\ContentReplaceBehavior [ RunTime:0.000529s ]
INFO: [ template_filter ] --END-- [ RunTime:0.000691s ]
NOTIC: [8] Undefined index: goods_id C:\wamp\www\tp\shop\Runtime\Cache\Home\0133555cc6791344805d1cb0ccd130e3.php 第 197 行.
NOTIC: [8] Undefined index: goods_id C:\wamp\www\tp\shop\Runtime\Cache\Home\0133555cc6791344805d1cb0ccd130e3.php 第 197 行.
NOTIC: [8] Undefined index: goods_id C:\wamp\www\tp\shop\Runtime\Cache\Home\0133555cc6791344805d1cb0ccd130e3.php 第 197 行.
INFO: Run Behavior\ParseTemplateBehavior [ RunTime:0.052734s ]
INFO: [ view_parse ] --END-- [ RunTime:0.053036s ]
INFO: [ view_filter ] --START--
INFO: Run Behavior\WriteHtmlCacheBehavior [ RunTime:0.001195s ]
INFO: [ view_filter ] --END-- [ RunTime:0.001379s ]
INFO: [ app_end ] --START--
INFO: Run Behavior\ShowPageTraceBehavior [ RunTime:0.002679s ]
INFO: [ app_end ] --END-- [ RunTime:0.003036s ]

[ 2018-03-21T00:18:40+08:00 ] 127.0.0.1 /tp/shop/index.php/Home/Goods/goods/goods_id/
INFO: [ app_init ] --START--
INFO: Run Behavior\BuildLiteBehavior [ RunTime:0.000058s ]
INFO: [ app_init ] --END-- [ RunTime:0.000916s ]
INFO: [ app_begin ] --START--
INFO: Run Behavior\ReadHtmlCacheBehavior [ RunTime:0.001153s ]
INFO: [ app_begin ] --END-- [ RunTime:0.001312s ]
SQL: SHOW COLUMNS FROM `sw_goods` [ RunTime:0.0013s ]
SQL: SELECT * FROM `sw_goods` WHERE `goods_id` = 0 LIMIT 1   [ RunTime:0.0006s ]
SQL: SELECT COUNT(*) AS tp_count FROM `sw_goods` WHERE `goods_id` = 0 LIMIT 1   [ RunTime:0.0004s ]
NOTIC: D方法实例化没找到模型类Model\Model\CommentModel
SQL: SHOW COLUMNS FROM `sw_comment` [ RunTime:0.0011s ]
SQL: SELECT * FROM `sw_comment` WHERE `goods_id` = 0 LIMIT 0,1   [ RunTime:0.0007s ]
SQL: SHOW COLUMNS FROM `sw_cat` [ RunTime:0.0010s ]
SQL: SHOW COLUMNS FROM `sw_cat` [ RunTime:0.0009s ]
INFO: [ view_parse ] --START--
INFO: [ template_filter ] --START--
INFO: Run Behavior\ContentReplaceBehavior [ RunTime:0.000254s ]
INFO: [ template_filter ] --END-- [ RunTime:0.000412s ]
NOTIC: [8] Undefined variable: smarty C:\wamp\www\tp\shop\Runtime\Cache\Home\0d146c9dd0c0a33e50da279fd1e3f9ad.php 第 35 行.
INFO: Run Behavior\ParseTemplateBehavior [ RunTime:0.037950s ]
INFO: [ view_parse ] --END-- [ RunTime:0.038205s ]
INFO: [ view_filter ] --START--
INFO: Run Behavior\WriteHtmlCacheBehavior [ RunTime:0.001777s ]
INFO: [ view_filter ] --END-- [ RunTime:0.002040s ]
INFO: [ app_end ] --START--
INFO: Run Behavior\ShowPageTraceBehavior [ RunTime:0.001516s ]
INFO: [ app_end ] --END-- [ RunTime:0.001851s ]

[ 2018-03-21T00:18:41+08:00 ] 127.0.0.1 /tp/shop/
INFO: [ app_init ] --START--
INFO: Run Behavior\BuildLiteBehavior [ RunTime:0.000060s ]
INFO: [ app_init ] --END-- [ RunTime:0.001033s ]
INFO: [ app_begin ] --START--
INFO: Run Behavior\ReadHtmlCacheBehavior [ RunTime:0.001204s ]
INFO: [ app_begin ] --END-- [ RunTime:0.001501s ]
SQL: SHOW COLUMNS FROM `sw_cat` [ RunTime:0.0009s ]
SQL: SELECT * FROM `sw_cat`  [ RunTime:0.0004s ]
SQL: SHOW COLUMNS FROM `sw_goods` [ RunTime:0.0014s ]
SQL: SELECT `goods_name`,`goods_price`,`goods_img`,`goods_img_s`,`cat_id`,`goods_brief`,`hot`,`best`,`new` FROM `sw_goods` WHERE ( hot=1 ) LIMIT 0,3   [ RunTime:0.0006s ]
INFO: [ view_parse ] --START--
INFO: [ template_filter ] --START--
INFO: Run Behavior\ContentReplaceBehavior [ RunTime:0.001079s ]
INFO: [ template_filter ] --END-- [ RunTime:0.001409s ]
NOTIC: [8] Undefined index: goods_id C:\wamp\www\tp\shop\Runtime\Cache\Home\513720a6d5595751eefbd42355f5f071.php 第 197 行.
NOTIC: [8] Undefined index: goods_id C:\wamp\www\tp\shop\Runtime\Cache\Home\513720a6d5595751eefbd42355f5f071.php 第 197 行.
NOTIC: [8] Undefined index: goods_id C:\wamp\www\tp\shop\Runtime\Cache\Home\513720a6d5595751eefbd42355f5f071.php 第 197 行.
INFO: Run Behavior\ParseTemplateBehavior [ RunTime:0.072653s ]
INFO: [ view_parse ] --END-- [ RunTime:0.072975s ]
INFO: [ view_filter ] --START--
INFO: Run Behavior\WriteHtmlCacheBehavior [ RunTime:0.002646s ]
INFO: [ view_filter ] --END-- [ RunTime:0.002957s ]
INFO: [ app_end ] --START--
INFO: Run Behavior\ShowPageTraceBehavior [ RunTime:0.003446s ]
INFO: [ app_end ] --END-- [ RunTime:0.003776s ]

[ 2018-03-21T00:18:44+08:00 ] 127.0.0.1 /tp/shop/
INFO: [ app_init ] --START--
INFO: Run Behavior\BuildLiteBehavior [ RunTime:0.000030s ]
INFO: [ app_init ] --END-- [ RunTime:0.000541s ]
INFO: [ app_begin ] --START--
INFO: Run Behavior\ReadHtmlCacheBehavior [ RunTime:0.000671s ]
INFO: [ app_begin ] --END-- [ RunTime:0.000814s ]
SQL: SHOW COLUMNS FROM `sw_cat` [ RunTime:0.0009s ]
SQL: SELECT * FROM `sw_cat`  [ RunTime:0.0004s ]
SQL: SHOW COLUMNS FROM `sw_goods` [ RunTime:0.0012s ]
SQL: SELECT `goods_name`,`goods_price`,`goods_img`,`goods_img_s`,`cat_id`,`goods_brief`,`hot`,`best`,`new` FROM `sw_goods` WHERE ( hot=1 ) LIMIT 0,3   [ RunTime:0.0004s ]
INFO: [ view_parse ] --START--
INFO: [ template_filter ] --START--
INFO: Run Behavior\ContentReplaceBehavior [ RunTime:0.001076s ]
INFO: [ template_filter ] --END-- [ RunTime:0.001724s ]
NOTIC: [8] Undefined index: goods_id C:\wamp\www\tp\shop\Runtime\Cache\Home\513720a6d5595751eefbd42355f5f071.php 第 197 行.
NOTIC: [8] Undefined index: goods_id C:\wamp\www\tp\shop\Runtime\Cache\Home\513720a6d5595751eefbd42355f5f071.php 第 197 行.
NOTIC: [8] Undefined index: goods_id C:\wamp\www\tp\shop\Runtime\Cache\Home\513720a6d5595751eefbd42355f5f071.php 第 197 行.
INFO: Run Behavior\ParseTemplateBehavior [ RunTime:0.060956s ]
INFO: [ view_parse ] --END-- [ RunTime:0.061192s ]
INFO: [ view_filter ] --START--
INFO: Run Behavior\WriteHtmlCacheBehavior [ RunTime:0.002253s ]
INFO: [ view_filter ] --END-- [ RunTime:0.002721s ]
INFO: [ app_end ] --START--
INFO: Run Behavior\ShowPageTraceBehavior [ RunTime:0.003408s ]
INFO: [ app_end ] --END-- [ RunTime:0.003865s ]

[ 2018-03-21T00:20:01+08:00 ] 127.0.0.1 /tp/shop/index.php/Home/Index/Index
INFO: [ app_init ] --START--
INFO: Run Behavior\BuildLiteBehavior [ RunTime:0.000032s ]
INFO: [ app_init ] --END-- [ RunTime:0.000576s ]
INFO: [ app_begin ] --START--
INFO: Run Behavior\ReadHtmlCacheBehavior [ RunTime:0.000997s ]
INFO: [ app_begin ] --END-- [ RunTime:0.001145s ]
SQL: SHOW COLUMNS FROM `sw_cat` [ RunTime:0.0008s ]
SQL: SELECT * FROM `sw_cat`  [ RunTime:0.0004s ]
SQL: SHOW COLUMNS FROM `sw_goods` [ RunTime:0.0007s ]
SQL: SELECT `goods_name`,`goods_price`,`goods_img`,`goods_img_s`,`cat_id`,`goods_brief`,`hot`,`best`,`new` FROM `sw_goods` WHERE ( hot=1 ) LIMIT 0,3   [ RunTime:0.0004s ]

[ 2018-03-21T00:24:46+08:00 ] 127.0.0.1 /tp/shop/index.php/Home/Index/Index
INFO: [ app_init ] --START--
INFO: Run Behavior\BuildLiteBehavior [ RunTime:0.000030s ]
INFO: [ app_init ] --END-- [ RunTime:0.000632s ]
INFO: [ app_begin ] --START--
INFO: Run Behavior\ReadHtmlCacheBehavior [ RunTime:0.001370s ]
INFO: [ app_begin ] --END-- [ RunTime:0.001543s ]
SQL: SHOW COLUMNS FROM `sw_cat` [ RunTime:0.0011s ]
SQL: SELECT * FROM `sw_cat`  [ RunTime:0.0003s ]
NOTIC: D方法实例化没找到模型类Model\Model\GoodsModel
SQL: SHOW COLUMNS FROM `sw_goods` [ RunTime:0.0007s ]
SQL: SELECT `goods_name`,`goods_price`,`goods_img`,`goods_img_s`,`cat_id`,`goods_brief`,`hot`,`best`,`new` FROM `sw_goods` WHERE ( hot=1 ) LIMIT 0,3   [ RunTime:0.0004s ]

[ 2018-03-21T00:24:47+08:00 ] 127.0.0.1 /tp/shop/index.php/Home/Index/Index
INFO: [ app_init ] --START--
INFO: Run Behavior\BuildLiteBehavior [ RunTime:0.000039s ]
INFO: [ app_init ] --END-- [ RunTime:0.001019s ]
INFO: [ app_begin ] --START--
INFO: Run Behavior\ReadHtmlCacheBehavior [ RunTime:0.001224s ]
INFO: [ app_begin ] --END-- [ RunTime:0.001448s ]
SQL: SHOW COLUMNS FROM `sw_cat` [ RunTime:0.0007s ]
SQL: SELECT * FROM `sw_cat`  [ RunTime:0.0005s ]
NOTIC: D方法实例化没找到模型类Model\Model\GoodsModel
SQL: SHOW COLUMNS FROM `sw_goods` [ RunTime:0.0008s ]
SQL: SELECT `goods_name`,`goods_price`,`goods_img`,`goods_img_s`,`cat_id`,`goods_brief`,`hot`,`best`,`new` FROM `sw_goods` WHERE ( hot=1 ) LIMIT 0,3   [ RunTime:0.0004s ]

[ 2018-03-21T00:24:49+08:00 ] 127.0.0.1 /tp/shop/index.php/Home/Index/Index
INFO: [ app_init ] --START--
INFO: Run Behavior\BuildLiteBehavior [ RunTime:0.000032s ]
INFO: [ app_init ] --END-- [ RunTime:0.000556s ]
INFO: [ app_begin ] --START--
INFO: Run Behavior\ReadHtmlCacheBehavior [ RunTime:0.000701s ]
INFO: [ app_begin ] --END-- [ RunTime:0.000838s ]
SQL: SHOW COLUMNS FROM `sw_cat` [ RunTime:0.0007s ]
SQL: SELECT * FROM `sw_cat`  [ RunTime:0.0003s ]
NOTIC: D方法实例化没找到模型类Model\Model\GoodsModel
SQL: SHOW COLUMNS FROM `sw_goods` [ RunTime:0.0007s ]
SQL: SELECT `goods_name`,`goods_price`,`goods_img`,`goods_img_s`,`cat_id`,`goods_brief`,`hot`,`best`,`new` FROM `sw_goods` WHERE ( hot=1 ) LIMIT 0,3   [ RunTime:0.0004s ]

[ 2018-03-21T00:25:06+08:00 ] 127.0.0.1 /tp/shop/index.php/Home/Index/Index
INFO: [ app_init ] --START--
INFO: Run Behavior\BuildLiteBehavior [ RunTime:0.000031s ]
INFO: [ app_init ] --END-- [ RunTime:0.000608s ]
INFO: [ app_begin ] --START--
INFO: Run Behavior\ReadHtmlCacheBehavior [ RunTime:0.000722s ]
INFO: [ app_begin ] --END-- [ RunTime:0.000859s ]
NOTIC: D方法实例化没找到模型类Model\Model\CatModel
SQL: SHOW COLUMNS FROM `sw_cat` [ RunTime:0.0008s ]
ERR: Think\Model:getCategoryTree方法不存在！

[ 2018-03-21T00:25:07+08:00 ] 127.0.0.1 /tp/shop/index.php/Home/Index/skin/layer.css
INFO: [ app_init ] --START--
INFO: Run Behavior\BuildLiteBehavior [ RunTime:0.000034s ]
INFO: [ app_init ] --END-- [ RunTime:0.000710s ]
INFO: [ app_begin ] --START--
INFO: Run Behavior\ReadHtmlCacheBehavior [ RunTime:0.000867s ]
INFO: [ app_begin ] --END-- [ RunTime:0.001044s ]
ERR: 非法操作:skin

[ 2018-03-21T00:25:24+08:00 ] 127.0.0.1 /tp/shop/index.php/Home/Index/Index
INFO: [ app_init ] --START--
INFO: Run Behavior\BuildLiteBehavior [ RunTime:0.000030s ]
INFO: [ app_init ] --END-- [ RunTime:0.000545s ]
INFO: [ app_begin ] --START--
INFO: Run Behavior\ReadHtmlCacheBehavior [ RunTime:0.000735s ]
INFO: [ app_begin ] --END-- [ RunTime:0.000879s ]
ERR: 1146:Table 'db2.sw_model/_cat' doesn't exist
 [ SQL语句 ] : SHOW COLUMNS FROM `sw_model/_cat`
ERR: 1146:Table 'db2.sw_model/_cat' doesn't exist
 [ SQL语句 ] : SHOW COLUMNS FROM `sw_model/_cat`

[ 2018-03-21T00:25:25+08:00 ] 127.0.0.1 /tp/shop/index.php/Home/Index/skin/layer.css
INFO: [ app_init ] --START--
INFO: Run Behavior\BuildLiteBehavior [ RunTime:0.000062s ]
INFO: [ app_init ] --END-- [ RunTime:0.001719s ]
INFO: [ app_begin ] --START--
INFO: Run Behavior\ReadHtmlCacheBehavior [ RunTime:0.001004s ]
INFO: [ app_begin ] --END-- [ RunTime:0.001343s ]
ERR: 非法操作:skin

[ 2018-03-21T00:25:53+08:00 ] 127.0.0.1 /tp/shop/index.php/Home/Index/Index
INFO: [ app_init ] --START--
INFO: Run Behavior\BuildLiteBehavior [ RunTime:0.000059s ]
INFO: [ app_init ] --END-- [ RunTime:0.000954s ]
INFO: [ app_begin ] --START--
INFO: Run Behavior\ReadHtmlCacheBehavior [ RunTime:0.000760s ]
INFO: [ app_begin ] --END-- [ RunTime:0.000910s ]
SQL: SHOW COLUMNS FROM `sw_cat` [ RunTime:0.0149s ]
SQL: SELECT * FROM `sw_cat`  [ RunTime:0.0004s ]
NOTIC: D方法实例化没找到模型类Model\Model\GoodsModel
SQL: SHOW COLUMNS FROM `sw_goods` [ RunTime:0.0159s ]
SQL: SELECT `goods_name`,`goods_price`,`goods_img`,`goods_img_s`,`cat_id`,`goods_brief`,`hot`,`best`,`new` FROM `sw_goods` WHERE ( hot=1 ) LIMIT 0,3   [ RunTime:0.0005s ]

[ 2018-03-21T00:26:42+08:00 ] 127.0.0.1 /tp/shop/index.php/Home/Index/Index
INFO: [ app_init ] --START--
INFO: Run Behavior\BuildLiteBehavior [ RunTime:0.000033s ]
INFO: [ app_init ] --END-- [ RunTime:0.000599s ]
INFO: [ app_begin ] --START--
INFO: Run Behavior\ReadHtmlCacheBehavior [ RunTime:0.000661s ]
INFO: [ app_begin ] --END-- [ RunTime:0.000805s ]
SQL: SHOW COLUMNS FROM `sw_cat` [ RunTime:0.0008s ]
SQL: SELECT * FROM `sw_cat`  [ RunTime:0.0003s ]
NOTIC: D方法实例化没找到模型类Model\Model\GoodsModel
SQL: SHOW COLUMNS FROM `sw_goods` [ RunTime:0.0007s ]
SQL: SELECT `goods_name`,`goods_price`,`goods_img`,`goods_img_s`,`cat_id`,`goods_brief`,`hot`,`best`,`new` FROM `sw_goods` WHERE ( hot=1 ) LIMIT 0,3   [ RunTime:0.0004s ]

[ 2018-03-21T00:26:45+08:00 ] 127.0.0.1 /tp/shop/index.php/Home/Order/checkout
INFO: [ app_init ] --START--
INFO: Run Behavior\BuildLiteBehavior [ RunTime:0.000032s ]
INFO: [ app_init ] --END-- [ RunTime:0.000648s ]
INFO: [ app_begin ] --START--
INFO: Run Behavior\ReadHtmlCacheBehavior [ RunTime:0.000705s ]
INFO: [ app_begin ] --END-- [ RunTime:0.000851s ]
INFO: [ view_parse ] --START--
INFO: [ template_filter ] --START--
INFO: Run Behavior\ContentReplaceBehavior [ RunTime:0.000127s ]
INFO: [ template_filter ] --END-- [ RunTime:0.000281s ]
INFO: Run Behavior\ParseTemplateBehavior [ RunTime:0.015836s ]
INFO: [ view_parse ] --END-- [ RunTime:0.016000s ]
INFO: [ view_filter ] --START--
INFO: Run Behavior\WriteHtmlCacheBehavior [ RunTime:0.001172s ]
INFO: [ view_filter ] --END-- [ RunTime:0.001430s ]
INFO: [ app_end ] --START--
INFO: Run Behavior\ShowPageTraceBehavior [ RunTime:0.001891s ]
INFO: [ app_end ] --END-- [ RunTime:0.002104s ]

[ 2018-03-21T00:26:46+08:00 ] 127.0.0.1 /tp/shop/index.php/Home/Index/Index
INFO: [ app_init ] --START--
INFO: Run Behavior\BuildLiteBehavior [ RunTime:0.000035s ]
INFO: [ app_init ] --END-- [ RunTime:0.000631s ]
INFO: [ app_begin ] --START--
INFO: Run Behavior\ReadHtmlCacheBehavior [ RunTime:0.000838s ]
INFO: [ app_begin ] --END-- [ RunTime:0.001005s ]
SQL: SHOW COLUMNS FROM `sw_cat` [ RunTime:0.0009s ]
SQL: SELECT * FROM `sw_cat`  [ RunTime:0.0003s ]
NOTIC: D方法实例化没找到模型类Model\Model\GoodsModel
SQL: SHOW COLUMNS FROM `sw_goods` [ RunTime:0.0007s ]
SQL: SELECT `goods_name`,`goods_price`,`goods_img`,`goods_img_s`,`cat_id`,`goods_brief`,`hot`,`best`,`new` FROM `sw_goods` WHERE ( hot=1 ) LIMIT 0,3   [ RunTime:0.0005s ]

[ 2018-03-21T00:27:48+08:00 ] 127.0.0.1 /tp/shop/index.php/Home/Index/Index
INFO: [ app_init ] --START--
INFO: Run Behavior\BuildLiteBehavior [ RunTime:0.000032s ]
INFO: [ app_init ] --END-- [ RunTime:0.000642s ]
INFO: [ app_begin ] --START--
INFO: Run Behavior\ReadHtmlCacheBehavior [ RunTime:0.000956s ]
INFO: [ app_begin ] --END-- [ RunTime:0.001110s ]
SQL: SHOW COLUMNS FROM `sw_cat` [ RunTime:0.0008s ]
SQL: SELECT * FROM `sw_cat`  [ RunTime:0.0003s ]
NOTIC: D方法实例化没找到模型类Model\Model\GoodsModel
SQL: SHOW COLUMNS FROM `sw_goods` [ RunTime:0.0007s ]
ERR: 1054:Unknown column 'good_img' in 'field list'
 [ SQL语句 ] : SELECT `goods_id`,`goods_price`,`good_img`,`goods_name` FROM `sw_goods` WHERE ( hot=1 ) LIMIT 0,3  
ERR: 1054:Unknown column 'good_img' in 'field list'
 [ SQL语句 ] : SELECT `goods_id`,`goods_price`,`good_img`,`goods_name` FROM `sw_goods` WHERE ( hot=1 ) LIMIT 0,3  

[ 2018-03-21T00:27:48+08:00 ] 127.0.0.1 /tp/shop/index.php/Home/Index/skin/layer.css
INFO: [ app_init ] --START--
INFO: Run Behavior\BuildLiteBehavior [ RunTime:0.000033s ]
INFO: [ app_init ] --END-- [ RunTime:0.000820s ]
INFO: [ app_begin ] --START--
INFO: Run Behavior\ReadHtmlCacheBehavior [ RunTime:0.001129s ]
INFO: [ app_begin ] --END-- [ RunTime:0.001425s ]
ERR: 非法操作:skin

[ 2018-03-21T00:28:12+08:00 ] 127.0.0.1 /tp/shop/index.php/Home/Index/Index
INFO: [ app_init ] --START--
INFO: Run Behavior\BuildLiteBehavior [ RunTime:0.000029s ]
INFO: [ app_init ] --END-- [ RunTime:0.000511s ]
INFO: [ app_begin ] --START--
INFO: Run Behavior\ReadHtmlCacheBehavior [ RunTime:0.000716s ]
INFO: [ app_begin ] --END-- [ RunTime:0.000849s ]
SQL: SHOW COLUMNS FROM `sw_cat` [ RunTime:0.0007s ]
SQL: SELECT * FROM `sw_cat`  [ RunTime:0.0003s ]
NOTIC: D方法实例化没找到模型类Model\Model\GoodsModel
SQL: SHOW COLUMNS FROM `sw_goods` [ RunTime:0.0129s ]
SQL: SELECT `goods_id`,`goods_price`,`goods_img`,`goods_name` FROM `sw_goods` WHERE ( hot=1 ) LIMIT 0,3   [ RunTime:0.0003s ]

[ 2018-03-21T00:28:32+08:00 ] 127.0.0.1 /tp/shop/index.php/Home/Index/Index
INFO: [ app_init ] --START--
INFO: Run Behavior\BuildLiteBehavior [ RunTime:0.000028s ]
INFO: [ app_init ] --END-- [ RunTime:0.000528s ]
INFO: [ app_begin ] --START--
INFO: Run Behavior\ReadHtmlCacheBehavior [ RunTime:0.000648s ]
INFO: [ app_begin ] --END-- [ RunTime:0.000782s ]
SQL: SHOW COLUMNS FROM `sw_cat` [ RunTime:0.0008s ]
SQL: SELECT * FROM `sw_cat`  [ RunTime:0.0003s ]
NOTIC: D方法实例化没找到模型类Model\Model\GoodsModel
SQL: SHOW COLUMNS FROM `sw_goods` [ RunTime:0.0006s ]
SQL: SELECT `goods_id`,`goods_price`,`goods_img`,`goods_name` FROM `sw_goods` WHERE ( hot=1 ) LIMIT 0,3   [ RunTime:0.0003s ]
INFO: [ view_parse ] --START--
INFO: [ template_filter ] --START--
INFO: Run Behavior\ContentReplaceBehavior [ RunTime:0.000823s ]
INFO: [ template_filter ] --END-- [ RunTime:0.001096s ]
INFO: Run Behavior\ParseTemplateBehavior [ RunTime:0.051559s ]
INFO: [ view_parse ] --END-- [ RunTime:0.051728s ]
INFO: [ view_filter ] --START--
INFO: Run Behavior\WriteHtmlCacheBehavior [ RunTime:0.000591s ]
INFO: [ view_filter ] --END-- [ RunTime:0.000727s ]
INFO: [ app_end ] --START--
INFO: Run Behavior\ShowPageTraceBehavior [ RunTime:0.002602s ]
INFO: [ app_end ] --END-- [ RunTime:0.002923s ]

[ 2018-03-21T00:28:36+08:00 ] 127.0.0.1 /tp/shop/index.php/Home/Goods/goods/goods_id/10
INFO: [ app_init ] --START--
INFO: Run Behavior\BuildLiteBehavior [ RunTime:0.000036s ]
INFO: [ app_init ] --END-- [ RunTime:0.000726s ]
INFO: [ app_begin ] --START--
INFO: Run Behavior\ReadHtmlCacheBehavior [ RunTime:0.000759s ]
INFO: [ app_begin ] --END-- [ RunTime:0.000905s ]
SQL: SHOW COLUMNS FROM `sw_goods` [ RunTime:0.0009s ]
SQL: SELECT * FROM `sw_goods` WHERE `goods_id` = 10 LIMIT 1   [ RunTime:0.0004s ]
SQL: SELECT COUNT(*) AS tp_count FROM `sw_goods` WHERE `goods_id` = 10 LIMIT 1   [ RunTime:0.0304s ]
NOTIC: D方法实例化没找到模型类Model\Model\CommentModel
SQL: SHOW COLUMNS FROM `sw_comment` [ RunTime:0.0007s ]
SQL: SELECT * FROM `sw_comment` WHERE `goods_id` = 10 LIMIT 0,1   [ RunTime:0.0003s ]
SQL: SHOW COLUMNS FROM `sw_cat` [ RunTime:0.0007s ]
SQL: SELECT * FROM `sw_cat`  [ RunTime:0.0003s ]
SQL: SHOW COLUMNS FROM `sw_cat` [ RunTime:0.0008s ]
SQL: SELECT * FROM `sw_cat`  [ RunTime:0.0004s ]
INFO: [ view_parse ] --START--
INFO: [ template_filter ] --START--
INFO: Run Behavior\ContentReplaceBehavior [ RunTime:0.000251s ]
INFO: [ template_filter ] --END-- [ RunTime:0.000409s ]
NOTIC: [8] Undefined variable: smarty C:\wamp\www\tp\shop\Runtime\Cache\Home\0d146c9dd0c0a33e50da279fd1e3f9ad.php 第 35 行.
INFO: Run Behavior\ParseTemplateBehavior [ RunTime:0.034433s ]
INFO: [ view_parse ] --END-- [ RunTime:0.034598s ]
INFO: [ view_filter ] --START--
INFO: Run Behavior\WriteHtmlCacheBehavior [ RunTime:0.000713s ]
INFO: [ view_filter ] --END-- [ RunTime:0.000852s ]
INFO: [ app_end ] --START--
INFO: Run Behavior\ShowPageTraceBehavior [ RunTime:0.002822s ]
INFO: [ app_end ] --END-- [ RunTime:0.003207s ]

[ 2018-03-21T00:28:41+08:00 ] 127.0.0.1 /tp/shop/index.php/Home/Goods/goods/goods_id/11
INFO: [ app_init ] --START--
INFO: Run Behavior\BuildLiteBehavior [ RunTime:0.000035s ]
INFO: [ app_init ] --END-- [ RunTime:0.000623s ]
INFO: [ app_begin ] --START--
INFO: Run Behavior\ReadHtmlCacheBehavior [ RunTime:0.001943s ]
INFO: [ app_begin ] --END-- [ RunTime:0.002130s ]
SQL: SHOW COLUMNS FROM `sw_goods` [ RunTime:0.0014s ]
SQL: SELECT * FROM `sw_goods` WHERE `goods_id` = 11 LIMIT 1   [ RunTime:0.0004s ]
SQL: SELECT COUNT(*) AS tp_count FROM `sw_goods` WHERE `goods_id` = 11 LIMIT 1   [ RunTime:0.0003s ]
NOTIC: D方法实例化没找到模型类Model\Model\CommentModel
SQL: SHOW COLUMNS FROM `sw_comment` [ RunTime:0.0008s ]
SQL: SELECT * FROM `sw_comment` WHERE `goods_id` = 11 LIMIT 0,1   [ RunTime:0.0004s ]
SQL: SHOW COLUMNS FROM `sw_cat` [ RunTime:0.0007s ]
SQL: SELECT * FROM `sw_cat`  [ RunTime:0.0005s ]
SQL: SHOW COLUMNS FROM `sw_cat` [ RunTime:0.0007s ]
SQL: SELECT * FROM `sw_cat`  [ RunTime:0.0003s ]
INFO: [ view_parse ] --START--
INFO: [ template_filter ] --START--
INFO: Run Behavior\ContentReplaceBehavior [ RunTime:0.000260s ]
INFO: [ template_filter ] --END-- [ RunTime:0.000425s ]
NOTIC: [8] Undefined variable: smarty C:\wamp\www\tp\shop\Runtime\Cache\Home\0d146c9dd0c0a33e50da279fd1e3f9ad.php 第 35 行.
INFO: Run Behavior\ParseTemplateBehavior [ RunTime:0.026653s ]
INFO: [ view_parse ] --END-- [ RunTime:0.026798s ]
INFO: [ view_filter ] --START--
INFO: Run Behavior\WriteHtmlCacheBehavior [ RunTime:0.000534s ]
INFO: [ view_filter ] --END-- [ RunTime:0.000659s ]
INFO: [ app_end ] --START--
INFO: Run Behavior\ShowPageTraceBehavior [ RunTime:0.001394s ]
INFO: [ app_end ] --END-- [ RunTime:0.001613s ]

[ 2018-03-21T00:29:43+08:00 ] 127.0.0.1 /tp/shop/index.php/Home/Goods/goods/goods_id/10
INFO: [ app_init ] --START--
INFO: Run Behavior\BuildLiteBehavior [ RunTime:0.000036s ]
INFO: [ app_init ] --END-- [ RunTime:0.000674s ]
INFO: [ app_begin ] --START--
INFO: Run Behavior\ReadHtmlCacheBehavior [ RunTime:0.000731s ]
INFO: [ app_begin ] --END-- [ RunTime:0.000879s ]

[ 2018-03-21T00:29:43+08:00 ] 127.0.0.1 /tp/shop/index.php/Home/Goods/goods/goods_id/skin/layer.css
INFO: [ app_init ] --START--
INFO: Run Behavior\BuildLiteBehavior [ RunTime:0.000034s ]
INFO: [ app_init ] --END-- [ RunTime:0.000726s ]
INFO: [ app_begin ] --START--
INFO: Run Behavior\ReadHtmlCacheBehavior [ RunTime:0.000781s ]
INFO: [ app_begin ] --END-- [ RunTime:0.001156s ]

[ 2018-03-21T00:30:26+08:00 ] 127.0.0.1 /tp/shop/index.php/Home/Goods/goods/goods_id/10
INFO: [ app_init ] --START--
INFO: Run Behavior\BuildLiteBehavior [ RunTime:0.000035s ]
INFO: [ app_init ] --END-- [ RunTime:0.000723s ]
INFO: [ app_begin ] --START--
INFO: Run Behavior\ReadHtmlCacheBehavior [ RunTime:0.001763s ]
INFO: [ app_begin ] --END-- [ RunTime:0.002009s ]
NOTIC: D方法实例化没找到模型类Model\Model\GoodsModel
SQL: SHOW COLUMNS FROM `sw_goods` [ RunTime:0.0009s ]
SQL: SELECT * FROM `sw_goods` WHERE `goods_id` = 10 LIMIT 1   [ RunTime:0.0005s ]
SQL: SELECT COUNT(*) AS tp_count FROM `sw_goods` WHERE `goods_id` = 10 LIMIT 1   [ RunTime:0.0002s ]
NOTIC: D方法实例化没找到模型类Model\Model\CommentModel
SQL: SHOW COLUMNS FROM `sw_comment` [ RunTime:0.0007s ]
SQL: SELECT * FROM `sw_comment` WHERE `goods_id` = 10 LIMIT 0,1   [ RunTime:0.0003s ]
SQL: SHOW COLUMNS FROM `sw_cat` [ RunTime:0.0006s ]
SQL: SELECT * FROM `sw_cat`  [ RunTime:0.0003s ]
SQL: SHOW COLUMNS FROM `sw_cat` [ RunTime:0.0005s ]
SQL: SELECT * FROM `sw_cat`  [ RunTime:0.0002s ]
INFO: [ view_parse ] --START--
INFO: [ template_filter ] --START--
INFO: Run Behavior\ContentReplaceBehavior [ RunTime:0.000218s ]
INFO: [ template_filter ] --END-- [ RunTime:0.000357s ]
NOTIC: [8] Undefined variable: smarty C:\wamp\www\tp\shop\Runtime\Cache\Home\0d146c9dd0c0a33e50da279fd1e3f9ad.php 第 35 行.
INFO: Run Behavior\ParseTemplateBehavior [ RunTime:0.025184s ]
INFO: [ view_parse ] --END-- [ RunTime:0.025352s ]
INFO: [ view_filter ] --START--
INFO: Run Behavior\WriteHtmlCacheBehavior [ RunTime:0.000721s ]
INFO: [ view_filter ] --END-- [ RunTime:0.000847s ]
INFO: [ app_end ] --START--
INFO: Run Behavior\ShowPageTraceBehavior [ RunTime:0.001428s ]
INFO: [ app_end ] --END-- [ RunTime:0.001645s ]

[ 2018-03-21T00:31:59+08:00 ] 127.0.0.1 /tp/shop/index.php/Home/Goods/goods/goods_id/10
INFO: [ app_init ] --START--
INFO: Run Behavior\BuildLiteBehavior [ RunTime:0.000030s ]
INFO: [ app_init ] --END-- [ RunTime:0.000516s ]
INFO: [ app_begin ] --START--
INFO: Run Behavior\ReadHtmlCacheBehavior [ RunTime:0.000726s ]
INFO: [ app_begin ] --END-- [ RunTime:0.000860s ]
NOTIC: D方法实例化没找到模型类Model\Model\GoodsModel
SQL: SHOW COLUMNS FROM `sw_goods` [ RunTime:0.0012s ]
SQL: SELECT * FROM `sw_goods` WHERE `goods_id` = 10 LIMIT 1   [ RunTime:0.0007s ]
SQL: SELECT COUNT(*) AS tp_count FROM `sw_goods` WHERE `goods_id` = 10 LIMIT 1   [ RunTime:0.0004s ]
NOTIC: D方法实例化没找到模型类Model\Model\CommentModel
SQL: SHOW COLUMNS FROM `sw_comment` [ RunTime:0.0009s ]
SQL: SELECT * FROM `sw_comment` WHERE `goods_id` = 10 LIMIT 0,1   [ RunTime:0.0005s ]
SQL: SHOW COLUMNS FROM `sw_cat` [ RunTime:0.0008s ]
SQL: SELECT * FROM `sw_cat`  [ RunTime:0.0004s ]
SQL: SHOW COLUMNS FROM `sw_cat` [ RunTime:0.0006s ]
SQL: SELECT * FROM `sw_cat`  [ RunTime:0.0003s ]
INFO: [ view_parse ] --START--
INFO: [ template_filter ] --START--
INFO: Run Behavior\ContentReplaceBehavior [ RunTime:0.000369s ]
INFO: [ template_filter ] --END-- [ RunTime:0.000674s ]
NOTIC: [8] Undefined variable: smarty C:\wamp\www\tp\shop\Runtime\Cache\Home\0d146c9dd0c0a33e50da279fd1e3f9ad.php 第 35 行.
INFO: Run Behavior\ParseTemplateBehavior [ RunTime:0.026911s ]
INFO: [ view_parse ] --END-- [ RunTime:0.027060s ]
INFO: [ view_filter ] --START--
INFO: Run Behavior\WriteHtmlCacheBehavior [ RunTime:0.000541s ]
INFO: [ view_filter ] --END-- [ RunTime:0.000683s ]
INFO: [ app_end ] --START--
INFO: Run Behavior\ShowPageTraceBehavior [ RunTime:0.001373s ]
INFO: [ app_end ] --END-- [ RunTime:0.001596s ]

[ 2018-03-21T00:34:14+08:00 ] 127.0.0.1 /tp/shop/index.php/Home/Goods/goods/goods_id/10
INFO: [ app_init ] --START--
INFO: Run Behavior\BuildLiteBehavior [ RunTime:0.000031s ]
INFO: [ app_init ] --END-- [ RunTime:0.000656s ]
INFO: [ app_begin ] --START--
INFO: Run Behavior\ReadHtmlCacheBehavior [ RunTime:0.001308s ]
INFO: [ app_begin ] --END-- [ RunTime:0.001547s ]
NOTIC: D方法实例化没找到模型类Model\Model\GoodsModel
SQL: SHOW COLUMNS FROM `sw_goods` [ RunTime:0.0012s ]
SQL: SELECT * FROM `sw_goods` WHERE `goods_id` = 10 LIMIT 1   [ RunTime:0.0005s ]
SQL: SELECT COUNT(*) AS tp_count FROM `sw_goods` WHERE `goods_id` = 10 LIMIT 1   [ RunTime:0.0170s ]
NOTIC: D方法实例化没找到模型类Model\Model\CommentModel
SQL: SHOW COLUMNS FROM `sw_comment` [ RunTime:0.0006s ]
SQL: SELECT * FROM `sw_comment` WHERE `goods_id` = 10 LIMIT 0,1   [ RunTime:0.0003s ]
SQL: SHOW COLUMNS FROM `sw_cat` [ RunTime:0.0006s ]
SQL: SELECT * FROM `sw_cat`  [ RunTime:0.0003s ]
SQL: SHOW COLUMNS FROM `sw_cat` [ RunTime:0.0005s ]
SQL: SELECT * FROM `sw_cat`  [ RunTime:0.0002s ]
INFO: [ view_parse ] --START--
INFO: [ template_filter ] --START--
INFO: Run Behavior\ContentReplaceBehavior [ RunTime:0.000285s ]
INFO: [ template_filter ] --END-- [ RunTime:0.000447s ]
NOTIC: [8] Undefined variable: smarty C:\wamp\www\tp\shop\Runtime\Cache\Home\0d146c9dd0c0a33e50da279fd1e3f9ad.php 第 35 行.
INFO: Run Behavior\ParseTemplateBehavior [ RunTime:0.029706s ]
INFO: [ view_parse ] --END-- [ RunTime:0.029858s ]
INFO: [ view_filter ] --START--
INFO: Run Behavior\WriteHtmlCacheBehavior [ RunTime:0.000749s ]
INFO: [ view_filter ] --END-- [ RunTime:0.000884s ]
INFO: [ app_end ] --START--
INFO: Run Behavior\ShowPageTraceBehavior [ RunTime:0.001687s ]
INFO: [ app_end ] --END-- [ RunTime:0.002003s ]

[ 2018-03-21T00:34:15+08:00 ] 127.0.0.1 /tp/shop/index.php/Home/Index/Index
INFO: [ app_init ] --START--
INFO: Run Behavior\BuildLiteBehavior [ RunTime:0.000041s ]
INFO: [ app_init ] --END-- [ RunTime:0.000790s ]
INFO: [ app_begin ] --START--
INFO: Run Behavior\ReadHtmlCacheBehavior [ RunTime:0.000725s ]
INFO: [ app_begin ] --END-- [ RunTime:0.000862s ]
SQL: SHOW COLUMNS FROM `sw_cat` [ RunTime:0.0007s ]
SQL: SELECT * FROM `sw_cat`  [ RunTime:0.0004s ]
NOTIC: D方法实例化没找到模型类Model\Model\GoodsModel
SQL: SHOW COLUMNS FROM `sw_goods` [ RunTime:0.0007s ]
SQL: SELECT `goods_id`,`goods_price`,`goods_img`,`goods_name` FROM `sw_goods` WHERE ( hot=1 ) LIMIT 0,3   [ RunTime:0.0004s ]
INFO: [ view_parse ] --START--
INFO: [ template_filter ] --START--
INFO: Run Behavior\ContentReplaceBehavior [ RunTime:0.000909s ]
INFO: [ template_filter ] --END-- [ RunTime:0.001161s ]
INFO: Run Behavior\ParseTemplateBehavior [ RunTime:0.044756s ]
INFO: [ view_parse ] --END-- [ RunTime:0.044909s ]
INFO: [ view_filter ] --START--
INFO: Run Behavior\WriteHtmlCacheBehavior [ RunTime:0.000603s ]
INFO: [ view_filter ] --END-- [ RunTime:0.000738s ]
INFO: [ app_end ] --START--
INFO: Run Behavior\ShowPageTraceBehavior [ RunTime:0.001980s ]
INFO: [ app_end ] --END-- [ RunTime:0.002490s ]

[ 2018-03-21T02:10:07+08:00 ] 127.0.0.1 /tp/shop/index.php
INFO: [ app_init ] --START--
INFO: Run Behavior\BuildLiteBehavior [ RunTime:0.000062s ]
INFO: [ app_init ] --END-- [ RunTime:0.015128s ]
INFO: [ app_begin ] --START--
INFO: Run Behavior\ReadHtmlCacheBehavior [ RunTime:0.012350s ]
INFO: [ app_begin ] --END-- [ RunTime:0.012516s ]
SQL: SHOW COLUMNS FROM `sw_cat` [ RunTime:0.0026s ]
SQL: SELECT * FROM `sw_cat`  [ RunTime:0.0241s ]
NOTIC: D方法实例化没找到模型类Model\Model\GoodsModel
SQL: SHOW COLUMNS FROM `sw_goods` [ RunTime:0.0016s ]
SQL: SELECT `goods_id`,`goods_price`,`goods_img`,`goods_name` FROM `sw_goods` WHERE ( hot=1 ) LIMIT 0,3   [ RunTime:0.0005s ]
INFO: [ view_parse ] --START--
INFO: [ template_filter ] --START--
INFO: Run Behavior\ContentReplaceBehavior [ RunTime:0.000681s ]
INFO: [ template_filter ] --END-- [ RunTime:0.000875s ]
INFO: Run Behavior\ParseTemplateBehavior [ RunTime:0.124611s ]
INFO: [ view_parse ] --END-- [ RunTime:0.124783s ]
INFO: [ view_filter ] --START--
INFO: Run Behavior\WriteHtmlCacheBehavior [ RunTime:0.077097s ]
INFO: [ view_filter ] --END-- [ RunTime:0.077252s ]
INFO: [ app_end ] --START--
INFO: Run Behavior\ShowPageTraceBehavior [ RunTime:0.012624s ]
INFO: [ app_end ] --END-- [ RunTime:0.012900s ]

