[ 2018-03-23T14:03:25+08:00 ] 127.0.0.1 /tp/shop/index.php/
INFO: [ app_init ] --START--
INFO: Run Behavior\BuildLiteBehavior [ RunTime:0.000029s ]
INFO: [ app_init ] --END-- [ RunTime:0.000611s ]
INFO: [ app_begin ] --START--
INFO: Run Behavior\ReadHtmlCacheBehavior [ RunTime:0.001285s ]
INFO: [ app_begin ] --END-- [ RunTime:0.001443s ]
SQL: SHOW COLUMNS FROM `sw_cat` [ RunTime:0.0009s ]
SQL: SELECT * FROM `sw_cat`  [ RunTime:0.0003s ]
NOTIC: D方法实例化没找到模型类Model\Model\GoodsModel
SQL: SHOW COLUMNS FROM `sw_goods` [ RunTime:0.0006s ]
SQL: SELECT `goods_id`,`goods_price`,`goods_img`,`goods_name` FROM `sw_goods` WHERE ( hot=1 ) LIMIT 0,3   [ RunTime:0.0003s ]
INFO: [ view_parse ] --START--
INFO: [ template_filter ] --START--
INFO: Run Behavior\ContentReplaceBehavior [ RunTime:0.000581s ]
INFO: [ template_filter ] --END-- [ RunTime:0.000726s ]
INFO: Run Behavior\ParseTemplateBehavior [ RunTime:0.055956s ]
INFO: [ view_parse ] --END-- [ RunTime:0.056108s ]
INFO: [ view_filter ] --START--
INFO: Run Behavior\WriteHtmlCacheBehavior [ RunTime:0.000974s ]
INFO: [ view_filter ] --END-- [ RunTime:0.001104s ]
INFO: [ app_end ] --START--
INFO: Run Behavior\ShowPageTraceBehavior [ RunTime:0.002070s ]
INFO: [ app_end ] --END-- [ RunTime:0.002401s ]

[ 2018-03-23T14:03:30+08:00 ] 127.0.0.1 /tp/shop/index.php/Home/User/logout
INFO: [ app_init ] --START--
INFO: Run Behavior\BuildLiteBehavior [ RunTime:0.000031s ]
INFO: [ app_init ] --END-- [ RunTime:0.000914s ]
INFO: [ app_begin ] --START--
INFO: Run Behavior\ReadHtmlCacheBehavior [ RunTime:0.001139s ]
INFO: [ app_begin ] --END-- [ RunTime:0.001291s ]
SQL: SHOW COLUMNS FROM `sw_user` [ RunTime:0.0009s ]

[ 2018-03-23T14:03:30+08:00 ] 127.0.0.1 /tp/shop/index.php/User/login.html
INFO: [ app_init ] --START--
INFO: Run Behavior\BuildLiteBehavior [ RunTime:0.000067s ]
INFO: [ app_init ] --END-- [ RunTime:0.001558s ]
INFO: [ app_begin ] --START--
INFO: Run Behavior\ReadHtmlCacheBehavior [ RunTime:0.001029s ]
INFO: [ app_begin ] --END-- [ RunTime:0.001193s ]
SQL: SHOW COLUMNS FROM `sw_user` [ RunTime:0.0010s ]
INFO: [ view_parse ] --START--
INFO: [ template_filter ] --START--
INFO: Run Behavior\ContentReplaceBehavior [ RunTime:0.000168s ]
INFO: [ template_filter ] --END-- [ RunTime:0.000471s ]
INFO: Run Behavior\ParseTemplateBehavior [ RunTime:0.063610s ]
INFO: [ view_parse ] --END-- [ RunTime:0.063773s ]
INFO: [ view_filter ] --START--
INFO: Run Behavior\WriteHtmlCacheBehavior [ RunTime:0.001134s ]
INFO: [ view_filter ] --END-- [ RunTime:0.001351s ]
INFO: [ app_end ] --START--
INFO: Run Behavior\ShowPageTraceBehavior [ RunTime:0.001640s ]
INFO: [ app_end ] --END-- [ RunTime:0.001928s ]

[ 2018-03-23T14:03:30+08:00 ] 127.0.0.1 /tp/shop/index.php/Home/User/Captcha
INFO: [ app_init ] --START--
INFO: Run Behavior\BuildLiteBehavior [ RunTime:0.000030s ]
INFO: [ app_init ] --END-- [ RunTime:0.000635s ]
INFO: [ app_begin ] --START--
INFO: Run Behavior\ReadHtmlCacheBehavior [ RunTime:0.001055s ]
INFO: [ app_begin ] --END-- [ RunTime:0.001204s ]
SQL: SHOW COLUMNS FROM `sw_user` [ RunTime:0.0007s ]
INFO: [ app_end ] --START--
INFO: Run Behavior\ShowPageTraceBehavior [ RunTime:0.001144s ]
INFO: [ app_end ] --END-- [ RunTime:0.001293s ]

[ 2018-03-23T14:04:03+08:00 ] 127.0.0.1 /tp/shop/index.php/Home/User/Captcha/0.19305798647934957
INFO: [ app_init ] --START--
INFO: Run Behavior\BuildLiteBehavior [ RunTime:0.000030s ]
INFO: [ app_init ] --END-- [ RunTime:0.000626s ]
INFO: [ app_begin ] --START--
INFO: Run Behavior\ReadHtmlCacheBehavior [ RunTime:0.001302s ]
INFO: [ app_begin ] --END-- [ RunTime:0.001471s ]
SQL: SHOW COLUMNS FROM `sw_user` [ RunTime:0.0009s ]
INFO: [ app_end ] --START--
INFO: Run Behavior\ShowPageTraceBehavior [ RunTime:0.001141s ]
INFO: [ app_end ] --END-- [ RunTime:0.001316s ]

[ 2018-03-23T14:04:04+08:00 ] 127.0.0.1 /tp/shop/index.php/Home/User/Captcha/0.44669547983530444
INFO: [ app_init ] --START--
INFO: Run Behavior\BuildLiteBehavior [ RunTime:0.000035s ]
INFO: [ app_init ] --END-- [ RunTime:0.000748s ]
INFO: [ app_begin ] --START--
INFO: Run Behavior\ReadHtmlCacheBehavior [ RunTime:0.001228s ]
INFO: [ app_begin ] --END-- [ RunTime:0.001409s ]
SQL: SHOW COLUMNS FROM `sw_user` [ RunTime:0.0008s ]
INFO: [ app_end ] --START--
INFO: Run Behavior\ShowPageTraceBehavior [ RunTime:0.001978s ]
INFO: [ app_end ] --END-- [ RunTime:0.002166s ]

[ 2018-03-23T14:04:05+08:00 ] 127.0.0.1 /tp/shop/index.php/Home/User/Captcha/0.8038633247214597
INFO: [ app_init ] --START--
INFO: Run Behavior\BuildLiteBehavior [ RunTime:0.000065s ]
INFO: [ app_init ] --END-- [ RunTime:0.001269s ]
INFO: [ app_begin ] --START--
INFO: Run Behavior\ReadHtmlCacheBehavior [ RunTime:0.001273s ]
INFO: [ app_begin ] --END-- [ RunTime:0.001455s ]
SQL: SHOW COLUMNS FROM `sw_user` [ RunTime:0.0007s ]
INFO: [ app_end ] --START--
INFO: Run Behavior\ShowPageTraceBehavior [ RunTime:0.001197s ]
INFO: [ app_end ] --END-- [ RunTime:0.001354s ]

[ 2018-03-23T14:04:15+08:00 ] 127.0.0.1 /tp/shop/index.php/User/login.html
INFO: [ app_init ] --START--
INFO: Run Behavior\BuildLiteBehavior [ RunTime:0.000028s ]
INFO: [ app_init ] --END-- [ RunTime:0.000648s ]
INFO: [ app_begin ] --START--
INFO: Run Behavior\ReadHtmlCacheBehavior [ RunTime:0.001069s ]
INFO: [ app_begin ] --END-- [ RunTime:0.001220s ]
SQL: SHOW COLUMNS FROM `sw_user` [ RunTime:0.0007s ]
SQL: SELECT * FROM `sw_user` WHERE `user_name` = 'james' LIMIT 1   [ RunTime:0.0004s ]
NOTIC: [8] Undefined variable: useinfo C:\wamp\www\tp\shop\Home\Controller\UserController.class.php 第 31 行.
NOTIC: [8] Undefined variable: useinfo C:\wamp\www\tp\shop\Home\Controller\UserController.class.php 第 31 行.

[ 2018-03-23T14:04:15+08:00 ] 127.0.0.1 /tp/shop/index.php/Index/index.html
INFO: [ app_init ] --START--
INFO: Run Behavior\BuildLiteBehavior [ RunTime:0.000030s ]
INFO: [ app_init ] --END-- [ RunTime:0.000671s ]
INFO: [ app_begin ] --START--
INFO: Run Behavior\ReadHtmlCacheBehavior [ RunTime:0.001685s ]
INFO: [ app_begin ] --END-- [ RunTime:0.001847s ]
SQL: SHOW COLUMNS FROM `sw_cat` [ RunTime:0.0008s ]
SQL: SELECT * FROM `sw_cat`  [ RunTime:0.0009s ]
NOTIC: D方法实例化没找到模型类Model\Model\GoodsModel
SQL: SHOW COLUMNS FROM `sw_goods` [ RunTime:0.0010s ]
SQL: SELECT `goods_id`,`goods_price`,`goods_img`,`goods_name` FROM `sw_goods` WHERE ( hot=1 ) LIMIT 0,3   [ RunTime:0.0004s ]
INFO: [ view_parse ] --START--
INFO: [ template_filter ] --START--
INFO: Run Behavior\ContentReplaceBehavior [ RunTime:0.000552s ]
INFO: [ template_filter ] --END-- [ RunTime:0.000710s ]
INFO: Run Behavior\ParseTemplateBehavior [ RunTime:0.047738s ]
INFO: [ view_parse ] --END-- [ RunTime:0.047926s ]
INFO: [ view_filter ] --START--
INFO: Run Behavior\WriteHtmlCacheBehavior [ RunTime:0.001162s ]
INFO: [ view_filter ] --END-- [ RunTime:0.001302s ]
INFO: [ app_end ] --START--
INFO: Run Behavior\ShowPageTraceBehavior [ RunTime:0.003757s ]
INFO: [ app_end ] --END-- [ RunTime:0.003986s ]

[ 2018-03-23T14:04:18+08:00 ] 127.0.0.1 /tp/shop/index.php/Home/User/logout
INFO: [ app_init ] --START--
INFO: Run Behavior\BuildLiteBehavior [ RunTime:0.000043s ]
INFO: [ app_init ] --END-- [ RunTime:0.000763s ]
INFO: [ app_begin ] --START--
INFO: Run Behavior\ReadHtmlCacheBehavior [ RunTime:0.001065s ]
INFO: [ app_begin ] --END-- [ RunTime:0.001222s ]
SQL: SHOW COLUMNS FROM `sw_user` [ RunTime:0.0007s ]

[ 2018-03-23T14:04:18+08:00 ] 127.0.0.1 /tp/shop/index.php/User/login.html
INFO: [ app_init ] --START--
INFO: Run Behavior\BuildLiteBehavior [ RunTime:0.000033s ]
INFO: [ app_init ] --END-- [ RunTime:0.000727s ]
INFO: [ app_begin ] --START--
INFO: Run Behavior\ReadHtmlCacheBehavior [ RunTime:0.001095s ]
INFO: [ app_begin ] --END-- [ RunTime:0.001252s ]
SQL: SHOW COLUMNS FROM `sw_user` [ RunTime:0.0008s ]
INFO: [ view_parse ] --START--
INFO: [ template_filter ] --START--
INFO: Run Behavior\ContentReplaceBehavior [ RunTime:0.000089s ]
INFO: [ template_filter ] --END-- [ RunTime:0.000242s ]
INFO: Run Behavior\ParseTemplateBehavior [ RunTime:0.012018s ]
INFO: [ view_parse ] --END-- [ RunTime:0.012241s ]
INFO: [ view_filter ] --START--
INFO: Run Behavior\WriteHtmlCacheBehavior [ RunTime:0.001490s ]
INFO: [ view_filter ] --END-- [ RunTime:0.001743s ]
INFO: [ app_end ] --START--
INFO: Run Behavior\ShowPageTraceBehavior [ RunTime:0.001249s ]
INFO: [ app_end ] --END-- [ RunTime:0.001395s ]

[ 2018-03-23T14:04:18+08:00 ] 127.0.0.1 /tp/shop/index.php/Home/User/Captcha
INFO: [ app_init ] --START--
INFO: Run Behavior\BuildLiteBehavior [ RunTime:0.000030s ]
INFO: [ app_init ] --END-- [ RunTime:0.000655s ]
INFO: [ app_begin ] --START--
INFO: Run Behavior\ReadHtmlCacheBehavior [ RunTime:0.001076s ]
INFO: [ app_begin ] --END-- [ RunTime:0.001347s ]
SQL: SHOW COLUMNS FROM `sw_user` [ RunTime:0.0011s ]
INFO: [ app_end ] --START--
INFO: Run Behavior\ShowPageTraceBehavior [ RunTime:0.003638s ]
INFO: [ app_end ] --END-- [ RunTime:0.004219s ]

[ 2018-03-23T14:04:20+08:00 ] 127.0.0.1 /tp/shop/index.php/User/register.html
INFO: [ app_init ] --START--
INFO: Run Behavior\BuildLiteBehavior [ RunTime:0.000036s ]
INFO: [ app_init ] --END-- [ RunTime:0.000793s ]
INFO: [ app_begin ] --START--
INFO: Run Behavior\ReadHtmlCacheBehavior [ RunTime:0.001127s ]
INFO: [ app_begin ] --END-- [ RunTime:0.001294s ]
SQL: SHOW COLUMNS FROM `sw_user` [ RunTime:0.0009s ]
INFO: [ view_parse ] --START--
INFO: [ template_filter ] --START--
INFO: Run Behavior\ContentReplaceBehavior [ RunTime:0.000108s ]
INFO: [ template_filter ] --END-- [ RunTime:0.000268s ]
INFO: Run Behavior\ParseTemplateBehavior [ RunTime:0.019032s ]
INFO: [ view_parse ] --END-- [ RunTime:0.019206s ]
INFO: [ view_filter ] --START--
INFO: Run Behavior\WriteHtmlCacheBehavior [ RunTime:0.000881s ]
INFO: [ view_filter ] --END-- [ RunTime:0.001019s ]
INFO: [ app_end ] --START--
INFO: Run Behavior\ShowPageTraceBehavior [ RunTime:0.001311s ]
INFO: [ app_end ] --END-- [ RunTime:0.001450s ]

[ 2018-03-23T14:04:20+08:00 ] 127.0.0.1 /tp/shop/index.php/Home/User/Captcha
INFO: [ app_init ] --START--
INFO: Run Behavior\BuildLiteBehavior [ RunTime:0.000060s ]
INFO: [ app_init ] --END-- [ RunTime:0.001278s ]
INFO: [ app_begin ] --START--
INFO: Run Behavior\ReadHtmlCacheBehavior [ RunTime:0.003730s ]
INFO: [ app_begin ] --END-- [ RunTime:0.004067s ]
SQL: SHOW COLUMNS FROM `sw_user` [ RunTime:0.0009s ]
INFO: [ app_end ] --START--
INFO: Run Behavior\ShowPageTraceBehavior [ RunTime:0.001264s ]
INFO: [ app_end ] --END-- [ RunTime:0.001429s ]

[ 2018-03-23T14:04:23+08:00 ] 127.0.0.1 /tp/shop/index.php/User/register.html
INFO: [ app_init ] --START--
INFO: Run Behavior\BuildLiteBehavior [ RunTime:0.000033s ]
INFO: [ app_init ] --END-- [ RunTime:0.000902s ]
INFO: [ app_begin ] --START--
INFO: Run Behavior\ReadHtmlCacheBehavior [ RunTime:0.001196s ]
INFO: [ app_begin ] --END-- [ RunTime:0.001358s ]
SQL: SHOW COLUMNS FROM `sw_user` [ RunTime:0.0008s ]
INFO: [ view_parse ] --START--
INFO: [ template_filter ] --START--
INFO: Run Behavior\ContentReplaceBehavior [ RunTime:0.000094s ]
INFO: [ template_filter ] --END-- [ RunTime:0.000256s ]
INFO: Run Behavior\ParseTemplateBehavior [ RunTime:0.011476s ]
INFO: [ view_parse ] --END-- [ RunTime:0.011637s ]
INFO: [ view_filter ] --START--
INFO: Run Behavior\WriteHtmlCacheBehavior [ RunTime:0.001332s ]
INFO: [ view_filter ] --END-- [ RunTime:0.001483s ]
INFO: [ app_end ] --START--
INFO: Run Behavior\ShowPageTraceBehavior [ RunTime:0.001150s ]
INFO: [ app_end ] --END-- [ RunTime:0.001288s ]

[ 2018-03-23T14:04:23+08:00 ] 127.0.0.1 /tp/shop/index.php/Home/User/Captcha
INFO: [ app_init ] --START--
INFO: Run Behavior\BuildLiteBehavior [ RunTime:0.000060s ]
INFO: [ app_init ] --END-- [ RunTime:0.001284s ]
INFO: [ app_begin ] --START--
INFO: Run Behavior\ReadHtmlCacheBehavior [ RunTime:0.001313s ]
INFO: [ app_begin ] --END-- [ RunTime:0.001643s ]
SQL: SHOW COLUMNS FROM `sw_user` [ RunTime:0.0012s ]
INFO: [ app_end ] --START--
INFO: Run Behavior\ShowPageTraceBehavior [ RunTime:0.003540s ]
INFO: [ app_end ] --END-- [ RunTime:0.003856s ]

[ 2018-03-23T14:04:30+08:00 ] 127.0.0.1 /tp/shop/index.php/Home/User/checkPhone
INFO: [ app_init ] --START--
INFO: Run Behavior\BuildLiteBehavior [ RunTime:0.000037s ]
INFO: [ app_init ] --END-- [ RunTime:0.000789s ]
INFO: [ app_begin ] --START--
INFO: Run Behavior\ReadHtmlCacheBehavior [ RunTime:0.001134s ]
INFO: [ app_begin ] --END-- [ RunTime:0.001280s ]
SQL: SHOW COLUMNS FROM `sw_user` [ RunTime:0.0007s ]
SQL: SELECT * FROM `sw_user` WHERE ( Phone=12332345345 ) LIMIT 1   [ RunTime:0.0004s ]
INFO: [ app_end ] --START--
INFO: Run Behavior\ShowPageTraceBehavior [ RunTime:0.001246s ]
INFO: [ app_end ] --END-- [ RunTime:0.001372s ]

[ 2018-03-23T14:04:34+08:00 ] 127.0.0.1 /tp/shop/index.php/Home/User/checkPhone
INFO: [ app_init ] --START--
INFO: Run Behavior\BuildLiteBehavior [ RunTime:0.000030s ]
INFO: [ app_init ] --END-- [ RunTime:0.000629s ]
INFO: [ app_begin ] --START--
INFO: Run Behavior\ReadHtmlCacheBehavior [ RunTime:0.000896s ]
INFO: [ app_begin ] --END-- [ RunTime:0.001011s ]
SQL: SHOW COLUMNS FROM `sw_user` [ RunTime:0.0007s ]
SQL: SELECT * FROM `sw_user` WHERE ( Phone=12332345345 ) LIMIT 1   [ RunTime:0.0155s ]
INFO: [ app_end ] --START--
INFO: Run Behavior\ShowPageTraceBehavior [ RunTime:0.001254s ]
INFO: [ app_end ] --END-- [ RunTime:0.001370s ]

[ 2018-03-23T14:04:50+08:00 ] 127.0.0.1 /tp/shop/index.php/Home/User/checkusername
INFO: [ app_init ] --START--
INFO: Run Behavior\BuildLiteBehavior [ RunTime:0.000030s ]
INFO: [ app_init ] --END-- [ RunTime:0.000672s ]
INFO: [ app_begin ] --START--
INFO: Run Behavior\ReadHtmlCacheBehavior [ RunTime:0.000898s ]
INFO: [ app_begin ] --END-- [ RunTime:0.001014s ]
SQL: SHOW COLUMNS FROM `sw_user` [ RunTime:0.0008s ]
ERR: 1054:Unknown column '$username' in 'where clause'
 [ SQL语句 ] : SELECT * FROM `sw_user` WHERE ( user_name=$username ) LIMIT 1  
ERR: 1054:Unknown column '$username' in 'where clause'
 [ SQL语句 ] : SELECT * FROM `sw_user` WHERE ( user_name=$username ) LIMIT 1  

[ 2018-03-23T14:04:56+08:00 ] 127.0.0.1 /tp/shop/index.php/User/function%20checkCaptcha(oo)%7Bif(oo.value.length!=4)%7B//flagError('Captcha');$('
INFO: [ app_init ] --START--
INFO: Run Behavior\BuildLiteBehavior [ RunTime:0.000046s ]
INFO: [ app_init ] --END-- [ RunTime:0.000694s ]
INFO: [ app_begin ] --START--
INFO: Run Behavior\ReadHtmlCacheBehavior [ RunTime:0.001269s ]
INFO: [ app_begin ] --END-- [ RunTime:0.001448s ]
SQL: SHOW COLUMNS FROM `sw_user` [ RunTime:0.0008s ]
ERR: 非法操作:function checkCaptcha(oo){if(oo.value.length!=4){

[ 2018-03-23T14:04:56+08:00 ] 127.0.0.1 /tp/shop/index.php/Home/User/checkPhone
INFO: [ app_init ] --START--
INFO: Run Behavior\BuildLiteBehavior [ RunTime:0.000049s ]
INFO: [ app_init ] --END-- [ RunTime:0.001095s ]
INFO: [ app_begin ] --START--
INFO: Run Behavior\ReadHtmlCacheBehavior [ RunTime:0.001040s ]
INFO: [ app_begin ] --END-- [ RunTime:0.001169s ]
SQL: SHOW COLUMNS FROM `sw_user` [ RunTime:0.0006s ]
SQL: SELECT * FROM `sw_user` WHERE ( Phone=12332345345 ) LIMIT 1   [ RunTime:0.0004s ]
INFO: [ app_end ] --START--
INFO: Run Behavior\ShowPageTraceBehavior [ RunTime:0.001239s ]
INFO: [ app_end ] --END-- [ RunTime:0.001361s ]

[ 2018-03-23T14:04:56+08:00 ] 127.0.0.1 /tp/shop/index.php/Home/User/CheckRegister
INFO: [ app_init ] --START--
INFO: Run Behavior\BuildLiteBehavior [ RunTime:0.000054s ]
INFO: [ app_init ] --END-- [ RunTime:0.001069s ]
INFO: [ app_begin ] --START--
INFO: Run Behavior\ReadHtmlCacheBehavior [ RunTime:0.001159s ]
INFO: [ app_begin ] --END-- [ RunTime:0.001312s ]
SQL: SHOW COLUMNS FROM `sw_user` [ RunTime:0.0006s ]

[ 2018-03-23T14:04:58+08:00 ] 127.0.0.1 /tp/shop/index.php/User/register.html
INFO: [ app_init ] --START--
INFO: Run Behavior\BuildLiteBehavior [ RunTime:0.000032s ]
INFO: [ app_init ] --END-- [ RunTime:0.000598s ]
INFO: [ app_begin ] --START--
INFO: Run Behavior\ReadHtmlCacheBehavior [ RunTime:0.001084s ]
INFO: [ app_begin ] --END-- [ RunTime:0.001278s ]
SQL: SHOW COLUMNS FROM `sw_user` [ RunTime:0.0006s ]
INFO: [ view_parse ] --START--
INFO: [ template_filter ] --START--
INFO: Run Behavior\ContentReplaceBehavior [ RunTime:0.000105s ]
INFO: [ template_filter ] --END-- [ RunTime:0.000321s ]
INFO: Run Behavior\ParseTemplateBehavior [ RunTime:0.014224s ]
INFO: [ view_parse ] --END-- [ RunTime:0.014476s ]
INFO: [ view_filter ] --START--
INFO: Run Behavior\WriteHtmlCacheBehavior [ RunTime:0.000893s ]
INFO: [ view_filter ] --END-- [ RunTime:0.001028s ]
INFO: [ app_end ] --START--
INFO: Run Behavior\ShowPageTraceBehavior [ RunTime:0.001071s ]
INFO: [ app_end ] --END-- [ RunTime:0.001209s ]

[ 2018-03-23T14:04:58+08:00 ] 127.0.0.1 /tp/shop/index.php/Home/User/Captcha
INFO: [ app_init ] --START--
INFO: Run Behavior\BuildLiteBehavior [ RunTime:0.000081s ]
INFO: [ app_init ] --END-- [ RunTime:0.001338s ]
INFO: [ app_begin ] --START--
INFO: Run Behavior\ReadHtmlCacheBehavior [ RunTime:0.003633s ]
INFO: [ app_begin ] --END-- [ RunTime:0.004153s ]
SQL: SHOW COLUMNS FROM `sw_user` [ RunTime:0.0006s ]
INFO: [ app_end ] --START--
INFO: Run Behavior\ShowPageTraceBehavior [ RunTime:0.002553s ]
INFO: [ app_end ] --END-- [ RunTime:0.002934s ]

[ 2018-03-23T14:05:01+08:00 ] 127.0.0.1 /tp/shop/index.php/Home/User/checkPhone
INFO: [ app_init ] --START--
INFO: Run Behavior\BuildLiteBehavior [ RunTime:0.000039s ]
INFO: [ app_init ] --END-- [ RunTime:0.000867s ]
INFO: [ app_begin ] --START--
INFO: Run Behavior\ReadHtmlCacheBehavior [ RunTime:0.001336s ]
INFO: [ app_begin ] --END-- [ RunTime:0.001507s ]
SQL: SHOW COLUMNS FROM `sw_user` [ RunTime:0.0007s ]
SQL: SELECT * FROM `sw_user` WHERE ( Phone=13456787667 ) LIMIT 1   [ RunTime:0.0004s ]
INFO: [ app_end ] --START--
INFO: Run Behavior\ShowPageTraceBehavior [ RunTime:0.001525s ]
INFO: [ app_end ] --END-- [ RunTime:0.001664s ]

[ 2018-03-23T14:05:04+08:00 ] 127.0.0.1 /tp/shop/index.php/Home/User/checkPhone
INFO: [ app_init ] --START--
INFO: Run Behavior\BuildLiteBehavior [ RunTime:0.000034s ]
INFO: [ app_init ] --END-- [ RunTime:0.000861s ]
INFO: [ app_begin ] --START--
INFO: Run Behavior\ReadHtmlCacheBehavior [ RunTime:0.001033s ]
INFO: [ app_begin ] --END-- [ RunTime:0.001167s ]
SQL: SHOW COLUMNS FROM `sw_user` [ RunTime:0.0006s ]
SQL: SELECT * FROM `sw_user` WHERE ( Phone=13456787645 ) LIMIT 1   [ RunTime:0.0003s ]
INFO: [ app_end ] --START--
INFO: Run Behavior\ShowPageTraceBehavior [ RunTime:0.001210s ]
INFO: [ app_end ] --END-- [ RunTime:0.001329s ]

[ 2018-03-23T14:05:17+08:00 ] 127.0.0.1 /tp/shop/index.php/Home/User/checkusername
INFO: [ app_init ] --START--
INFO: Run Behavior\BuildLiteBehavior [ RunTime:0.000029s ]
INFO: [ app_init ] --END-- [ RunTime:0.000612s ]
INFO: [ app_begin ] --START--
INFO: Run Behavior\ReadHtmlCacheBehavior [ RunTime:0.000900s ]
INFO: [ app_begin ] --END-- [ RunTime:0.001043s ]
SQL: SHOW COLUMNS FROM `sw_user` [ RunTime:0.0007s ]
ERR: 1054:Unknown column '$username' in 'where clause'
 [ SQL语句 ] : SELECT * FROM `sw_user` WHERE ( user_name=$username ) LIMIT 1  
ERR: 1054:Unknown column '$username' in 'where clause'
 [ SQL语句 ] : SELECT * FROM `sw_user` WHERE ( user_name=$username ) LIMIT 1  

[ 2018-03-23T14:05:23+08:00 ] 127.0.0.1 /tp/shop/index.php/User/function%20checkCaptcha(oo)%7Bif(oo.value.length!=4)%7B//flagError('Captcha');$('
INFO: [ app_init ] --START--
INFO: Run Behavior\BuildLiteBehavior [ RunTime:0.000028s ]
INFO: [ app_init ] --END-- [ RunTime:0.000613s ]
INFO: [ app_begin ] --START--
INFO: Run Behavior\ReadHtmlCacheBehavior [ RunTime:0.001278s ]
INFO: [ app_begin ] --END-- [ RunTime:0.001451s ]
SQL: SHOW COLUMNS FROM `sw_user` [ RunTime:0.0007s ]
ERR: 非法操作:function checkCaptcha(oo){if(oo.value.length!=4){

[ 2018-03-23T14:05:23+08:00 ] 127.0.0.1 /tp/shop/index.php/Home/User/checkPhone
INFO: [ app_init ] --START--
INFO: Run Behavior\BuildLiteBehavior [ RunTime:0.000031s ]
INFO: [ app_init ] --END-- [ RunTime:0.000659s ]
INFO: [ app_begin ] --START--
INFO: Run Behavior\ReadHtmlCacheBehavior [ RunTime:0.001169s ]
INFO: [ app_begin ] --END-- [ RunTime:0.001309s ]
SQL: SHOW COLUMNS FROM `sw_user` [ RunTime:0.0006s ]
SQL: SELECT * FROM `sw_user` WHERE ( Phone=13456787645 ) LIMIT 1   [ RunTime:0.0004s ]
INFO: [ app_end ] --START--
INFO: Run Behavior\ShowPageTraceBehavior [ RunTime:0.001332s ]
INFO: [ app_end ] --END-- [ RunTime:0.001450s ]

[ 2018-03-23T14:05:23+08:00 ] 127.0.0.1 /tp/shop/index.php/Home/User/CheckRegister
INFO: [ app_init ] --START--
INFO: Run Behavior\BuildLiteBehavior [ RunTime:0.000030s ]
INFO: [ app_init ] --END-- [ RunTime:0.000648s ]
INFO: [ app_begin ] --START--
INFO: Run Behavior\ReadHtmlCacheBehavior [ RunTime:0.001321s ]
INFO: [ app_begin ] --END-- [ RunTime:0.001498s ]
SQL: SHOW COLUMNS FROM `sw_user` [ RunTime:0.0009s ]

[ 2018-03-23T14:05:26+08:00 ] 127.0.0.1 /tp/shop/index.php/User/register.html
INFO: [ app_init ] --START--
INFO: Run Behavior\BuildLiteBehavior [ RunTime:0.000038s ]
INFO: [ app_init ] --END-- [ RunTime:0.000838s ]
INFO: [ app_begin ] --START--
INFO: Run Behavior\ReadHtmlCacheBehavior [ RunTime:0.000990s ]
INFO: [ app_begin ] --END-- [ RunTime:0.001140s ]
SQL: SHOW COLUMNS FROM `sw_user` [ RunTime:0.0007s ]
INFO: [ view_parse ] --START--
INFO: [ template_filter ] --START--
INFO: Run Behavior\ContentReplaceBehavior [ RunTime:0.000085s ]
INFO: [ template_filter ] --END-- [ RunTime:0.000267s ]
INFO: Run Behavior\ParseTemplateBehavior [ RunTime:0.011240s ]
INFO: [ view_parse ] --END-- [ RunTime:0.011404s ]
INFO: [ view_filter ] --START--
INFO: Run Behavior\WriteHtmlCacheBehavior [ RunTime:0.001073s ]
INFO: [ view_filter ] --END-- [ RunTime:0.001216s ]
INFO: [ app_end ] --START--
INFO: Run Behavior\ShowPageTraceBehavior [ RunTime:0.001375s ]
INFO: [ app_end ] --END-- [ RunTime:0.001518s ]

[ 2018-03-23T14:05:26+08:00 ] 127.0.0.1 /tp/shop/index.php/Home/User/Captcha
INFO: [ app_init ] --START--
INFO: Run Behavior\BuildLiteBehavior [ RunTime:0.000060s ]
INFO: [ app_init ] --END-- [ RunTime:0.001174s ]
INFO: [ app_begin ] --START--
INFO: Run Behavior\ReadHtmlCacheBehavior [ RunTime:0.001978s ]
INFO: [ app_begin ] --END-- [ RunTime:0.002281s ]
SQL: SHOW COLUMNS FROM `sw_user` [ RunTime:0.0014s ]
INFO: [ app_end ] --START--
INFO: Run Behavior\ShowPageTraceBehavior [ RunTime:0.002380s ]
INFO: [ app_end ] --END-- [ RunTime:0.002813s ]

[ 2018-03-23T14:05:33+08:00 ] 127.0.0.1 /tp/shop/index.php/Home/User/checkPhone
INFO: [ app_init ] --START--
INFO: Run Behavior\BuildLiteBehavior [ RunTime:0.000031s ]
INFO: [ app_init ] --END-- [ RunTime:0.000639s ]
INFO: [ app_begin ] --START--
INFO: Run Behavior\ReadHtmlCacheBehavior [ RunTime:0.001405s ]
INFO: [ app_begin ] --END-- [ RunTime:0.001590s ]
SQL: SHOW COLUMNS FROM `sw_user` [ RunTime:0.0006s ]
SQL: SELECT * FROM `sw_user` WHERE ( Phone=13456787645 ) LIMIT 1   [ RunTime:0.0003s ]
INFO: [ app_end ] --START--
INFO: Run Behavior\ShowPageTraceBehavior [ RunTime:0.001250s ]
INFO: [ app_end ] --END-- [ RunTime:0.001369s ]

[ 2018-03-23T14:05:44+08:00 ] 127.0.0.1 /tp/shop/index.php/Home/User/checkusername
INFO: [ app_init ] --START--
INFO: Run Behavior\BuildLiteBehavior [ RunTime:0.000047s ]
INFO: [ app_init ] --END-- [ RunTime:0.000982s ]
INFO: [ app_begin ] --START--
INFO: Run Behavior\ReadHtmlCacheBehavior [ RunTime:0.001607s ]
INFO: [ app_begin ] --END-- [ RunTime:0.001809s ]
SQL: SHOW COLUMNS FROM `sw_user` [ RunTime:0.0010s ]
ERR: 1054:Unknown column '$username' in 'where clause'
 [ SQL语句 ] : SELECT * FROM `sw_user` WHERE ( user_name=$username ) LIMIT 1  
ERR: 1054:Unknown column '$username' in 'where clause'
 [ SQL语句 ] : SELECT * FROM `sw_user` WHERE ( user_name=$username ) LIMIT 1  

[ 2018-03-23T14:05:45+08:00 ] 127.0.0.1 /tp/shop/index.php/Home/User/Captcha?0.9310760363028705
INFO: [ app_init ] --START--
INFO: Run Behavior\BuildLiteBehavior [ RunTime:0.000061s ]
INFO: [ app_init ] --END-- [ RunTime:0.000795s ]
INFO: [ app_begin ] --START--
INFO: Run Behavior\ReadHtmlCacheBehavior [ RunTime:0.001114s ]
INFO: [ app_begin ] --END-- [ RunTime:0.001282s ]
SQL: SHOW COLUMNS FROM `sw_user` [ RunTime:0.0007s ]
INFO: [ app_end ] --START--
INFO: Run Behavior\ShowPageTraceBehavior [ RunTime:0.001400s ]
INFO: [ app_end ] --END-- [ RunTime:0.001581s ]

[ 2018-03-23T14:05:46+08:00 ] 127.0.0.1 /tp/shop/index.php/Home/User/Captcha?0.9310760363028705?0.19354871904408988
INFO: [ app_init ] --START--
INFO: Run Behavior\BuildLiteBehavior [ RunTime:0.000036s ]
INFO: [ app_init ] --END-- [ RunTime:0.000807s ]
INFO: [ app_begin ] --START--
INFO: Run Behavior\ReadHtmlCacheBehavior [ RunTime:0.001117s ]
INFO: [ app_begin ] --END-- [ RunTime:0.001285s ]
SQL: SHOW COLUMNS FROM `sw_user` [ RunTime:0.0006s ]
INFO: [ app_end ] --START--
INFO: Run Behavior\ShowPageTraceBehavior [ RunTime:0.001207s ]
INFO: [ app_end ] --END-- [ RunTime:0.001356s ]

[ 2018-03-23T14:05:46+08:00 ] 127.0.0.1 /tp/shop/index.php/Home/User/Captcha?0.9310760363028705?0.19354871904408988?0.7956525794324667
INFO: [ app_init ] --START--
INFO: Run Behavior\BuildLiteBehavior [ RunTime:0.000035s ]
INFO: [ app_init ] --END-- [ RunTime:0.000732s ]
INFO: [ app_begin ] --START--
INFO: Run Behavior\ReadHtmlCacheBehavior [ RunTime:0.001104s ]
INFO: [ app_begin ] --END-- [ RunTime:0.001294s ]
SQL: SHOW COLUMNS FROM `sw_user` [ RunTime:0.0007s ]
INFO: [ app_end ] --START--
INFO: Run Behavior\ShowPageTraceBehavior [ RunTime:0.001151s ]
INFO: [ app_end ] --END-- [ RunTime:0.001311s ]

[ 2018-03-23T14:05:52+08:00 ] 127.0.0.1 /tp/shop/index.php/User/function%20checkCaptcha(oo)%7Bif(oo.value.length!=4)%7B//flagError('Captcha');$('
INFO: [ app_init ] --START--
INFO: Run Behavior\BuildLiteBehavior [ RunTime:0.000030s ]
INFO: [ app_init ] --END-- [ RunTime:0.000666s ]
INFO: [ app_begin ] --START--
INFO: Run Behavior\ReadHtmlCacheBehavior [ RunTime:0.000992s ]
INFO: [ app_begin ] --END-- [ RunTime:0.001115s ]
SQL: SHOW COLUMNS FROM `sw_user` [ RunTime:0.0014s ]
ERR: 非法操作:function checkCaptcha(oo){if(oo.value.length!=4){

[ 2018-03-23T14:05:52+08:00 ] 127.0.0.1 /tp/shop/index.php/Home/User/CheckRegister
INFO: [ app_init ] --START--
INFO: Run Behavior\BuildLiteBehavior [ RunTime:0.000037s ]
INFO: [ app_init ] --END-- [ RunTime:0.000682s ]
INFO: [ app_begin ] --START--
INFO: Run Behavior\ReadHtmlCacheBehavior [ RunTime:0.001067s ]
INFO: [ app_begin ] --END-- [ RunTime:0.001225s ]
SQL: SHOW COLUMNS FROM `sw_user` [ RunTime:0.0006s ]
SQL: SELECT * FROM `sw_user` WHERE ( Phone=13456787645 ) LIMIT 1   [ RunTime:0.0004s ]
SQL: SELECT * FROM `sw_user` WHERE `user_name` = 'kobe' LIMIT 1   [ RunTime:0.0002s ]
SQL: INSERT INTO `sw_user` (`phone`,`password`,`user_name`) VALUES ('13456787645','25d55ad283aa400af464c76d713c07ad','kobe') [ RunTime:0.0008s ]

[ 2018-03-23T14:05:52+08:00 ] 127.0.0.1 /tp/shop/index.php/Home/User/checkPhone
INFO: [ app_init ] --START--
INFO: Run Behavior\BuildLiteBehavior [ RunTime:0.000032s ]
INFO: [ app_init ] --END-- [ RunTime:0.000880s ]
INFO: [ app_begin ] --START--
INFO: Run Behavior\ReadHtmlCacheBehavior [ RunTime:0.001181s ]
INFO: [ app_begin ] --END-- [ RunTime:0.001308s ]
SQL: SHOW COLUMNS FROM `sw_user` [ RunTime:0.0010s ]
SQL: SELECT * FROM `sw_user` WHERE ( Phone=13456787645 ) LIMIT 1   [ RunTime:0.0005s ]
INFO: [ app_end ] --START--
INFO: Run Behavior\ShowPageTraceBehavior [ RunTime:0.002157s ]
INFO: [ app_end ] --END-- [ RunTime:0.002409s ]

[ 2018-03-23T14:05:54+08:00 ] 127.0.0.1 /tp/shop/index.php/Index/index.html
INFO: [ app_init ] --START--
INFO: Run Behavior\BuildLiteBehavior [ RunTime:0.000032s ]
INFO: [ app_init ] --END-- [ RunTime:0.000890s ]
INFO: [ app_begin ] --START--
INFO: Run Behavior\ReadHtmlCacheBehavior [ RunTime:0.001003s ]
INFO: [ app_begin ] --END-- [ RunTime:0.001146s ]
SQL: SHOW COLUMNS FROM `sw_cat` [ RunTime:0.0007s ]
SQL: SELECT * FROM `sw_cat`  [ RunTime:0.0003s ]
NOTIC: D方法实例化没找到模型类Model\Model\GoodsModel
SQL: SHOW COLUMNS FROM `sw_goods` [ RunTime:0.0006s ]
SQL: SELECT `goods_id`,`goods_price`,`goods_img`,`goods_name` FROM `sw_goods` WHERE ( hot=1 ) LIMIT 0,3   [ RunTime:0.0004s ]
INFO: [ view_parse ] --START--
INFO: [ template_filter ] --START--
INFO: Run Behavior\ContentReplaceBehavior [ RunTime:0.000669s ]
INFO: [ template_filter ] --END-- [ RunTime:0.000891s ]
INFO: Run Behavior\ParseTemplateBehavior [ RunTime:0.044316s ]
INFO: [ view_parse ] --END-- [ RunTime:0.044479s ]
INFO: [ view_filter ] --START--
INFO: Run Behavior\WriteHtmlCacheBehavior [ RunTime:0.001532s ]
INFO: [ view_filter ] --END-- [ RunTime:0.001679s ]
INFO: [ app_end ] --START--
INFO: Run Behavior\ShowPageTraceBehavior [ RunTime:0.002370s ]
INFO: [ app_end ] --END-- [ RunTime:0.002988s ]

[ 2018-03-23T14:06:12+08:00 ] 127.0.0.1 /tp/shop/index.php/Home/Cat/cat/cat_id/1
INFO: [ app_init ] --START--
INFO: Run Behavior\BuildLiteBehavior [ RunTime:0.000028s ]
INFO: [ app_init ] --END-- [ RunTime:0.000549s ]
INFO: [ app_begin ] --START--
INFO: Run Behavior\ReadHtmlCacheBehavior [ RunTime:0.001027s ]
INFO: [ app_begin ] --END-- [ RunTime:0.001183s ]
NOTIC: D方法实例化没找到模型类Model\Model\GoodsModel
SQL: SHOW COLUMNS FROM `sw_goods` [ RunTime:0.0008s ]
SQL: SELECT COUNT(*) AS tp_count FROM `sw_goods` WHERE ( cat_id=1 ) LIMIT 1   [ RunTime:0.0004s ]
SQL: SELECT * FROM `sw_goods` WHERE ( cat_id=1 ) LIMIT 0,1   [ RunTime:0.0004s ]
INFO: [ view_parse ] --START--
INFO: [ template_filter ] --START--
INFO: Run Behavior\ContentReplaceBehavior [ RunTime:0.000137s ]
INFO: [ template_filter ] --END-- [ RunTime:0.000297s ]
INFO: Run Behavior\ParseTemplateBehavior [ RunTime:0.027450s ]
INFO: [ view_parse ] --END-- [ RunTime:0.027667s ]
INFO: [ view_filter ] --START--
INFO: Run Behavior\WriteHtmlCacheBehavior [ RunTime:0.000897s ]
INFO: [ view_filter ] --END-- [ RunTime:0.001036s ]
INFO: [ app_end ] --START--
INFO: Run Behavior\ShowPageTraceBehavior [ RunTime:0.001185s ]
INFO: [ app_end ] --END-- [ RunTime:0.001354s ]

[ 2018-03-23T14:06:14+08:00 ] 127.0.0.1 /tp/shop/index.php/Home/Goods/goods/goods_id/10
INFO: [ app_init ] --START--
INFO: Run Behavior\BuildLiteBehavior [ RunTime:0.000030s ]
INFO: [ app_init ] --END-- [ RunTime:0.000552s ]
INFO: [ app_begin ] --START--
INFO: Run Behavior\ReadHtmlCacheBehavior [ RunTime:0.001135s ]
INFO: [ app_begin ] --END-- [ RunTime:0.001297s ]
NOTIC: D方法实例化没找到模型类Model\Model\GoodsModel
SQL: SHOW COLUMNS FROM `sw_goods` [ RunTime:0.0007s ]
SQL: SELECT * FROM `sw_goods` WHERE `goods_id` = 10 LIMIT 1   [ RunTime:0.0004s ]
SQL: SELECT COUNT(*) AS tp_count FROM `sw_goods` WHERE `goods_id` = 10 LIMIT 1   [ RunTime:0.0004s ]
NOTIC: D方法实例化没找到模型类Model\Model\CommentModel
SQL: SHOW COLUMNS FROM `sw_comment` [ RunTime:0.0008s ]
SQL: SELECT * FROM `sw_comment` WHERE `goods_id` = 10 LIMIT 0,1   [ RunTime:0.0144s ]
SQL: SHOW COLUMNS FROM `sw_cat` [ RunTime:0.0007s ]
SQL: SELECT * FROM `sw_cat`  [ RunTime:0.0003s ]
SQL: SHOW COLUMNS FROM `sw_cat` [ RunTime:0.0005s ]
SQL: SELECT * FROM `sw_cat`  [ RunTime:0.0002s ]
INFO: [ view_parse ] --START--
INFO: [ template_filter ] --START--
INFO: Run Behavior\ContentReplaceBehavior [ RunTime:0.000220s ]
INFO: [ template_filter ] --END-- [ RunTime:0.000362s ]
NOTIC: [8] Undefined variable: smarty C:\wamp\www\tp\shop\Runtime\Cache\Home\0d146c9dd0c0a33e50da279fd1e3f9ad.php 第 35 行.
INFO: Run Behavior\ParseTemplateBehavior [ RunTime:0.034520s ]
INFO: [ view_parse ] --END-- [ RunTime:0.034690s ]
INFO: [ view_filter ] --START--
INFO: Run Behavior\WriteHtmlCacheBehavior [ RunTime:0.000913s ]
INFO: [ view_filter ] --END-- [ RunTime:0.001040s ]
INFO: [ app_end ] --START--
INFO: Run Behavior\ShowPageTraceBehavior [ RunTime:0.001647s ]
INFO: [ app_end ] --END-- [ RunTime:0.001865s ]

[ 2018-03-23T14:06:25+08:00 ] 127.0.0.1 /tp/shop/index.php/Home/Goods/gwc
INFO: [ app_init ] --START--
INFO: Run Behavior\BuildLiteBehavior [ RunTime:0.000031s ]
INFO: [ app_init ] --END-- [ RunTime:0.000584s ]
INFO: [ app_begin ] --START--
INFO: Run Behavior\ReadHtmlCacheBehavior [ RunTime:0.000943s ]
INFO: [ app_begin ] --END-- [ RunTime:0.001064s ]
NOTIC: D方法实例化没找到模型类Model\Model\GoodsModel
SQL: SHOW COLUMNS FROM `sw_goods` [ RunTime:0.0007s ]
SQL: SELECT * FROM `sw_goods` WHERE `goods_id` = 10 LIMIT 1   [ RunTime:0.0003s ]
NOTIC: [8] Undefined offset: 10 C:\wamp\www\tp\shop\Tools\AddTool.class.php 第 84 行.
INFO: [ app_end ] --START--
INFO: Run Behavior\ShowPageTraceBehavior [ RunTime:0.001154s ]
INFO: [ app_end ] --END-- [ RunTime:0.001279s ]

[ 2018-03-23T14:06:28+08:00 ] 127.0.0.1 /tp/shop/index.php/Home/Order/checkout
INFO: [ app_init ] --START--
INFO: Run Behavior\BuildLiteBehavior [ RunTime:0.000036s ]
INFO: [ app_init ] --END-- [ RunTime:0.000701s ]
INFO: [ app_begin ] --START--
INFO: Run Behavior\ReadHtmlCacheBehavior [ RunTime:0.001379s ]
INFO: [ app_begin ] --END-- [ RunTime:0.001566s ]
INFO: [ view_parse ] --START--
INFO: [ template_filter ] --START--
INFO: Run Behavior\ContentReplaceBehavior [ RunTime:0.000144s ]
INFO: [ template_filter ] --END-- [ RunTime:0.000315s ]
NOTIC: [8] Array to string conversion C:\wamp\www\tp\shop\Runtime\Cache\Home\a5902b01cacb1dcc89f3b73e3d51bd99.php 第 148 行.
NOTIC: [8] Undefined index: num * Array C:\wamp\www\tp\shop\Runtime\Cache\Home\a5902b01cacb1dcc89f3b73e3d51bd99.php 第 148 行.
INFO: Run Behavior\ParseTemplateBehavior [ RunTime:0.032126s ]
INFO: [ view_parse ] --END-- [ RunTime:0.032294s ]
INFO: [ view_filter ] --START--
INFO: Run Behavior\WriteHtmlCacheBehavior [ RunTime:0.001339s ]
INFO: [ view_filter ] --END-- [ RunTime:0.001501s ]
INFO: [ app_end ] --START--
INFO: Run Behavior\ShowPageTraceBehavior [ RunTime:0.001914s ]
INFO: [ app_end ] --END-- [ RunTime:0.002186s ]

[ 2018-03-23T14:06:36+08:00 ] 127.0.0.1 /tp/shop/index.php/Home/Index/Index
INFO: [ app_init ] --START--
INFO: Run Behavior\BuildLiteBehavior [ RunTime:0.000029s ]
INFO: [ app_init ] --END-- [ RunTime:0.000551s ]
INFO: [ app_begin ] --START--
INFO: Run Behavior\ReadHtmlCacheBehavior [ RunTime:0.000983s ]
INFO: [ app_begin ] --END-- [ RunTime:0.001128s ]
SQL: SHOW COLUMNS FROM `sw_cat` [ RunTime:0.0007s ]
SQL: SELECT * FROM `sw_cat`  [ RunTime:0.0004s ]
NOTIC: D方法实例化没找到模型类Model\Model\GoodsModel
SQL: SHOW COLUMNS FROM `sw_goods` [ RunTime:0.0009s ]
SQL: SELECT `goods_id`,`goods_price`,`goods_img`,`goods_name` FROM `sw_goods` WHERE ( hot=1 ) LIMIT 0,3   [ RunTime:0.0004s ]
INFO: [ view_parse ] --START--
INFO: [ template_filter ] --START--
INFO: Run Behavior\ContentReplaceBehavior [ RunTime:0.000505s ]
INFO: [ template_filter ] --END-- [ RunTime:0.000657s ]
INFO: Run Behavior\ParseTemplateBehavior [ RunTime:0.044230s ]
INFO: [ view_parse ] --END-- [ RunTime:0.044384s ]
INFO: [ view_filter ] --START--
INFO: Run Behavior\WriteHtmlCacheBehavior [ RunTime:0.000924s ]
INFO: [ view_filter ] --END-- [ RunTime:0.001051s ]
INFO: [ app_end ] --START--
INFO: Run Behavior\ShowPageTraceBehavior [ RunTime:0.001839s ]
INFO: [ app_end ] --END-- [ RunTime:0.002316s ]

[ 2018-03-23T14:06:39+08:00 ] 127.0.0.1 /tp/shop/index.php/Home/User/logout
INFO: [ app_init ] --START--
INFO: Run Behavior\BuildLiteBehavior [ RunTime:0.000038s ]
INFO: [ app_init ] --END-- [ RunTime:0.000681s ]
INFO: [ app_begin ] --START--
INFO: Run Behavior\ReadHtmlCacheBehavior [ RunTime:0.001427s ]
INFO: [ app_begin ] --END-- [ RunTime:0.001771s ]
SQL: SHOW COLUMNS FROM `sw_user` [ RunTime:0.0008s ]

[ 2018-03-23T14:06:39+08:00 ] 127.0.0.1 /tp/shop/index.php/User/login.html
INFO: [ app_init ] --START--
INFO: Run Behavior\BuildLiteBehavior [ RunTime:0.000141s ]
INFO: [ app_init ] --END-- [ RunTime:0.001327s ]
INFO: [ app_begin ] --START--
INFO: Run Behavior\ReadHtmlCacheBehavior [ RunTime:0.001077s ]
INFO: [ app_begin ] --END-- [ RunTime:0.001235s ]
SQL: SHOW COLUMNS FROM `sw_user` [ RunTime:0.0006s ]
INFO: [ view_parse ] --START--
INFO: [ template_filter ] --START--
INFO: Run Behavior\ContentReplaceBehavior [ RunTime:0.000171s ]
INFO: [ template_filter ] --END-- [ RunTime:0.000372s ]
INFO: Run Behavior\ParseTemplateBehavior [ RunTime:0.012526s ]
INFO: [ view_parse ] --END-- [ RunTime:0.012691s ]
INFO: [ view_filter ] --START--
INFO: Run Behavior\WriteHtmlCacheBehavior [ RunTime:0.001314s ]
INFO: [ view_filter ] --END-- [ RunTime:0.001531s ]
INFO: [ app_end ] --START--
INFO: Run Behavior\ShowPageTraceBehavior [ RunTime:0.001276s ]
INFO: [ app_end ] --END-- [ RunTime:0.001485s ]

[ 2018-03-23T14:06:39+08:00 ] 127.0.0.1 /tp/shop/index.php/Home/User/Captcha
INFO: [ app_init ] --START--
INFO: Run Behavior\BuildLiteBehavior [ RunTime:0.000117s ]
INFO: [ app_init ] --END-- [ RunTime:0.001126s ]
INFO: [ app_begin ] --START--
INFO: Run Behavior\ReadHtmlCacheBehavior [ RunTime:0.001093s ]
INFO: [ app_begin ] --END-- [ RunTime:0.001252s ]
SQL: SHOW COLUMNS FROM `sw_user` [ RunTime:0.0009s ]
INFO: [ app_end ] --START--
INFO: Run Behavior\ShowPageTraceBehavior [ RunTime:0.001662s ]
INFO: [ app_end ] --END-- [ RunTime:0.001848s ]

